2026-03-12 14:11:30: C:\PROGRAM FILES\NODEJS\NPM.CMD:1
2026-03-12 14:11:30: :: Created by npm, please don't edit manually.
2026-03-12 14:11:30: ^
2026-03-12 14:11:30: 
2026-03-12 14:11:30: SyntaxError: Unexpected token ':'
2026-03-12 14:11:30:     at wrapSafe (node:internal/modules/cjs/loader:1691:18)
2026-03-12 14:11:30:     at Module._compile (node:internal/modules/cjs/loader:1734:20)
2026-03-12 14:11:30:     at Object..js (node:internal/modules/cjs/loader:1893:10)
2026-03-12 14:11:30:     at Module.load (node:internal/modules/cjs/loader:1480:32)
2026-03-12 14:11:30:     at Module._load (node:internal/modules/cjs/loader:1299:12)
2026-03-12 14:11:30:     at TracingChannel.traceSync (node:diagnostics_channel:322:14)
2026-03-12 14:11:30:     at wrapModuleLoad (node:internal/modules/cjs/loader:244:24)
2026-03-12 14:11:30:     at Module.executeUserEntryPoint [as runMain] (node:internal/modules/run_main:154:5)
2026-03-12 14:11:30:     at node:internal/main/run_main_module:33:47
2026-03-12 14:11:30: 
2026-03-12 14:11:30: Node.js v24.8.0
2026-03-12 14:11:31: C:\PROGRAM FILES\NODEJS\NPM.CMD:1
2026-03-12 14:11:31: :: Created by npm, please don't edit manually.
2026-03-12 14:11:31: ^
2026-03-12 14:11:31: 
2026-03-12 14:11:31: SyntaxError: Unexpected token ':'
2026-03-12 14:11:31:     at wrapSafe (node:internal/modules/cjs/loader:1691:18)
2026-03-12 14:11:31:     at Module._compile (node:internal/modules/cjs/loader:1734:20)
2026-03-12 14:11:31:     at Object..js (node:internal/modules/cjs/loader:1893:10)
2026-03-12 14:11:31:     at Module.load (node:internal/modules/cjs/loader:1480:32)
2026-03-12 14:11:31:     at Module._load (node:internal/modules/cjs/loader:1299:12)
2026-03-12 14:11:31:     at TracingChannel.traceSync (node:diagnostics_channel:322:14)
2026-03-12 14:11:31:     at wrapModuleLoad (node:internal/modules/cjs/loader:244:24)
2026-03-12 14:11:31:     at Module.executeUserEntryPoint [as runMain] (node:internal/modules/run_main:154:5)
2026-03-12 14:11:31:     at node:internal/main/run_main_module:33:47
2026-03-12 14:11:31: 
2026-03-12 14:11:31: Node.js v24.8.0
2026-03-12 14:11:31: C:\PROGRAM FILES\NODEJS\NPM.CMD:1
2026-03-12 14:11:31: :: Created by npm, please don't edit manually.
2026-03-12 14:11:31: ^
2026-03-12 14:11:31: 
2026-03-12 14:11:31: SyntaxError: Unexpected token ':'
2026-03-12 14:11:31:     at wrapSafe (node:internal/modules/cjs/loader:1691:18)
2026-03-12 14:11:31:     at Module._compile (node:internal/modules/cjs/loader:1734:20)
2026-03-12 14:11:31:     at Object..js (node:internal/modules/cjs/loader:1893:10)
2026-03-12 14:11:31:     at Module.load (node:internal/modules/cjs/loader:1480:32)
2026-03-12 14:11:31:     at Module._load (node:internal/modules/cjs/loader:1299:12)
2026-03-12 14:11:31:     at TracingChannel.traceSync (node:diagnostics_channel:322:14)
2026-03-12 14:11:31:     at wrapModuleLoad (node:internal/modules/cjs/loader:244:24)
2026-03-12 14:11:31:     at Module.executeUserEntryPoint [as runMain] (node:internal/modules/run_main:154:5)
2026-03-12 14:11:31:     at node:internal/main/run_main_module:33:47
2026-03-12 14:11:31: 
2026-03-12 14:11:31: Node.js v24.8.0
2026-03-12 14:11:31: C:\PROGRAM FILES\NODEJS\NPM.CMD:1
2026-03-12 14:11:31: :: Created by npm, please don't edit manually.
2026-03-12 14:11:31: ^
2026-03-12 14:11:31: 
2026-03-12 14:11:31: SyntaxError: Unexpected token ':'
2026-03-12 14:11:31:     at wrapSafe (node:internal/modules/cjs/loader:1691:18)
2026-03-12 14:11:31:     at Module._compile (node:internal/modules/cjs/loader:1734:20)
2026-03-12 14:11:31:     at Object..js (node:internal/modules/cjs/loader:1893:10)
2026-03-12 14:11:31:     at Module.load (node:internal/modules/cjs/loader:1480:32)
2026-03-12 14:11:31:     at Module._load (node:internal/modules/cjs/loader:1299:12)
2026-03-12 14:11:31:     at TracingChannel.traceSync (node:diagnostics_channel:322:14)
2026-03-12 14:11:31:     at wrapModuleLoad (node:internal/modules/cjs/loader:244:24)
2026-03-12 14:11:31:     at Module.executeUserEntryPoint [as runMain] (node:internal/modules/run_main:154:5)
2026-03-12 14:11:31:     at node:internal/main/run_main_module:33:47
2026-03-12 14:11:31: 
2026-03-12 14:11:31: Node.js v24.8.0
2026-03-12 14:11:31: C:\PROGRAM FILES\NODEJS\NPM.CMD:1
2026-03-12 14:11:31: :: Created by npm, please don't edit manually.
2026-03-12 14:11:31: ^
2026-03-12 14:11:31: 
2026-03-12 14:11:31: SyntaxError: Unexpected token ':'
2026-03-12 14:11:31:     at wrapSafe (node:internal/modules/cjs/loader:1691:18)
2026-03-12 14:11:31:     at Module._compile (node:internal/modules/cjs/loader:1734:20)
2026-03-12 14:11:31:     at Object..js (node:internal/modules/cjs/loader:1893:10)
2026-03-12 14:11:31:     at Module.load (node:internal/modules/cjs/loader:1480:32)
2026-03-12 14:11:31:     at Module._load (node:internal/modules/cjs/loader:1299:12)
2026-03-12 14:11:31:     at TracingChannel.traceSync (node:diagnostics_channel:322:14)
2026-03-12 14:11:31:     at wrapModuleLoad (node:internal/modules/cjs/loader:244:24)
2026-03-12 14:11:31:     at Module.executeUserEntryPoint [as runMain] (node:internal/modules/run_main:154:5)
2026-03-12 14:11:31:     at node:internal/main/run_main_module:33:47
2026-03-12 14:11:31: 
2026-03-12 14:11:31: Node.js v24.8.0
2026-03-12 14:11:31: C:\PROGRAM FILES\NODEJS\NPM.CMD:1
2026-03-12 14:11:31: :: Created by npm, please don't edit manually.
2026-03-12 14:11:31: ^
2026-03-12 14:11:31: 
2026-03-12 14:11:31: SyntaxError: Unexpected token ':'
2026-03-12 14:11:31:     at wrapSafe (node:internal/modules/cjs/loader:1691:18)
2026-03-12 14:11:31:     at Module._compile (node:internal/modules/cjs/loader:1734:20)
2026-03-12 14:11:31:     at Object..js (node:internal/modules/cjs/loader:1893:10)
2026-03-12 14:11:31:     at Module.load (node:internal/modules/cjs/loader:1480:32)
2026-03-12 14:11:31:     at Module._load (node:internal/modules/cjs/loader:1299:12)
2026-03-12 14:11:31:     at TracingChannel.traceSync (node:diagnostics_channel:322:14)
2026-03-12 14:11:31:     at wrapModuleLoad (node:internal/modules/cjs/loader:244:24)
2026-03-12 14:11:31:     at Module.executeUserEntryPoint [as runMain] (node:internal/modules/run_main:154:5)
2026-03-12 14:11:31:     at node:internal/main/run_main_module:33:47
2026-03-12 14:11:31: 
2026-03-12 14:11:31: Node.js v24.8.0
2026-03-12 14:11:31: C:\PROGRAM FILES\NODEJS\NPM.CMD:1
2026-03-12 14:11:31: :: Created by npm, please don't edit manually.
2026-03-12 14:11:31: ^
2026-03-12 14:11:31: 
2026-03-12 14:11:31: SyntaxError: Unexpected token ':'
2026-03-12 14:11:31:     at wrapSafe (node:internal/modules/cjs/loader:1691:18)
2026-03-12 14:11:31:     at Module._compile (node:internal/modules/cjs/loader:1734:20)
2026-03-12 14:11:31:     at Object..js (node:internal/modules/cjs/loader:1893:10)
2026-03-12 14:11:31:     at Module.load (node:internal/modules/cjs/loader:1480:32)
2026-03-12 14:11:31:     at Module._load (node:internal/modules/cjs/loader:1299:12)
2026-03-12 14:11:31:     at TracingChannel.traceSync (node:diagnostics_channel:322:14)
2026-03-12 14:11:31:     at wrapModuleLoad (node:internal/modules/cjs/loader:244:24)
2026-03-12 14:11:31:     at Module.executeUserEntryPoint [as runMain] (node:internal/modules/run_main:154:5)
2026-03-12 14:11:31:     at node:internal/main/run_main_module:33:47
2026-03-12 14:11:31: 
2026-03-12 14:11:31: Node.js v24.8.0
2026-03-12 14:11:31: C:\PROGRAM FILES\NODEJS\NPM.CMD:1
2026-03-12 14:11:31: :: Created by npm, please don't edit manually.
2026-03-12 14:11:31: ^
2026-03-12 14:11:31: 
2026-03-12 14:11:31: SyntaxError: Unexpected token ':'
2026-03-12 14:11:31:     at wrapSafe (node:internal/modules/cjs/loader:1691:18)
2026-03-12 14:11:31:     at Module._compile (node:internal/modules/cjs/loader:1734:20)
2026-03-12 14:11:31:     at Object..js (node:internal/modules/cjs/loader:1893:10)
2026-03-12 14:11:31:     at Module.load (node:internal/modules/cjs/loader:1480:32)
2026-03-12 14:11:31:     at Module._load (node:internal/modules/cjs/loader:1299:12)
2026-03-12 14:11:31:     at TracingChannel.traceSync (node:diagnostics_channel:322:14)
2026-03-12 14:11:31:     at wrapModuleLoad (node:internal/modules/cjs/loader:244:24)
2026-03-12 14:11:31:     at Module.executeUserEntryPoint [as runMain] (node:internal/modules/run_main:154:5)
2026-03-12 14:11:31:     at node:internal/main/run_main_module:33:47
2026-03-12 14:11:31: 
2026-03-12 14:11:31: Node.js v24.8.0
2026-03-12 14:11:32: C:\PROGRAM FILES\NODEJS\NPM.CMD:1
2026-03-12 14:11:32: :: Created by npm, please don't edit manually.
2026-03-12 14:11:32: ^
2026-03-12 14:11:32: 
2026-03-12 14:11:32: SyntaxError: Unexpected token ':'
2026-03-12 14:11:32:     at wrapSafe (node:internal/modules/cjs/loader:1691:18)
2026-03-12 14:11:32:     at Module._compile (node:internal/modules/cjs/loader:1734:20)
2026-03-12 14:11:32:     at Object..js (node:internal/modules/cjs/loader:1893:10)
2026-03-12 14:11:32:     at Module.load (node:internal/modules/cjs/loader:1480:32)
2026-03-12 14:11:32:     at Module._load (node:internal/modules/cjs/loader:1299:12)
2026-03-12 14:11:32:     at TracingChannel.traceSync (node:diagnostics_channel:322:14)
2026-03-12 14:11:32:     at wrapModuleLoad (node:internal/modules/cjs/loader:244:24)
2026-03-12 14:11:32:     at Module.executeUserEntryPoint [as runMain] (node:internal/modules/run_main:154:5)
2026-03-12 14:11:32:     at node:internal/main/run_main_module:33:47
2026-03-12 14:11:32: 
2026-03-12 14:11:32: Node.js v24.8.0
2026-03-12 14:11:32: C:\PROGRAM FILES\NODEJS\NPM.CMD:1
2026-03-12 14:11:32: :: Created by npm, please don't edit manually.
2026-03-12 14:11:32: ^
2026-03-12 14:11:32: 
2026-03-12 14:11:32: SyntaxError: Unexpected token ':'
2026-03-12 14:11:32:     at wrapSafe (node:internal/modules/cjs/loader:1691:18)
2026-03-12 14:11:32:     at Module._compile (node:internal/modules/cjs/loader:1734:20)
2026-03-12 14:11:32:     at Object..js (node:internal/modules/cjs/loader:1893:10)
2026-03-12 14:11:32:     at Module.load (node:internal/modules/cjs/loader:1480:32)
2026-03-12 14:11:32:     at Module._load (node:internal/modules/cjs/loader:1299:12)
2026-03-12 14:11:32:     at TracingChannel.traceSync (node:diagnostics_channel:322:14)
2026-03-12 14:11:32:     at wrapModuleLoad (node:internal/modules/cjs/loader:244:24)
2026-03-12 14:11:32:     at Module.executeUserEntryPoint [as runMain] (node:internal/modules/run_main:154:5)
2026-03-12 14:11:32:     at node:internal/main/run_main_module:33:47
2026-03-12 14:11:32: 
2026-03-12 14:11:32: Node.js v24.8.0
2026-03-12 14:11:32: C:\PROGRAM FILES\NODEJS\NPM.CMD:1
2026-03-12 14:11:32: :: Created by npm, please don't edit manually.
2026-03-12 14:11:32: ^
2026-03-12 14:11:32: 
2026-03-12 14:11:32: SyntaxError: Unexpected token ':'
2026-03-12 14:11:32:     at wrapSafe (node:internal/modules/cjs/loader:1691:18)
2026-03-12 14:11:32:     at Module._compile (node:internal/modules/cjs/loader:1734:20)
2026-03-12 14:11:32:     at Object..js (node:internal/modules/cjs/loader:1893:10)
2026-03-12 14:11:32:     at Module.load (node:internal/modules/cjs/loader:1480:32)
2026-03-12 14:11:32:     at Module._load (node:internal/modules/cjs/loader:1299:12)
2026-03-12 14:11:32:     at TracingChannel.traceSync (node:diagnostics_channel:322:14)
2026-03-12 14:11:32:     at wrapModuleLoad (node:internal/modules/cjs/loader:244:24)
2026-03-12 14:11:32:     at Module.executeUserEntryPoint [as runMain] (node:internal/modules/run_main:154:5)
2026-03-12 14:11:32:     at node:internal/main/run_main_module:33:47
2026-03-12 14:11:32: 
2026-03-12 14:11:32: Node.js v24.8.0
2026-03-12 14:11:32: C:\PROGRAM FILES\NODEJS\NPM.CMD:1
2026-03-12 14:11:32: :: Created by npm, please don't edit manually.
2026-03-12 14:11:32: ^
2026-03-12 14:11:32: 
2026-03-12 14:11:32: SyntaxError: Unexpected token ':'
2026-03-12 14:11:32:     at wrapSafe (node:internal/modules/cjs/loader:1691:18)
2026-03-12 14:11:32:     at Module._compile (node:internal/modules/cjs/loader:1734:20)
2026-03-12 14:11:32:     at Object..js (node:internal/modules/cjs/loader:1893:10)
2026-03-12 14:11:32:     at Module.load (node:internal/modules/cjs/loader:1480:32)
2026-03-12 14:11:32:     at Module._load (node:internal/modules/cjs/loader:1299:12)
2026-03-12 14:11:32:     at TracingChannel.traceSync (node:diagnostics_channel:322:14)
2026-03-12 14:11:32:     at wrapModuleLoad (node:internal/modules/cjs/loader:244:24)
2026-03-12 14:11:32:     at Module.executeUserEntryPoint [as runMain] (node:internal/modules/run_main:154:5)
2026-03-12 14:11:32:     at node:internal/main/run_main_module:33:47
2026-03-12 14:11:32: 
2026-03-12 14:11:32: Node.js v24.8.0
2026-03-12 14:11:32: C:\PROGRAM FILES\NODEJS\NPM.CMD:1
2026-03-12 14:11:32: :: Created by npm, please don't edit manually.
2026-03-12 14:11:32: ^
2026-03-12 14:11:32: 
2026-03-12 14:11:32: SyntaxError: Unexpected token ':'
2026-03-12 14:11:32:     at wrapSafe (node:internal/modules/cjs/loader:1691:18)
2026-03-12 14:11:32:     at Module._compile (node:internal/modules/cjs/loader:1734:20)
2026-03-12 14:11:32:     at Object..js (node:internal/modules/cjs/loader:1893:10)
2026-03-12 14:11:32:     at Module.load (node:internal/modules/cjs/loader:1480:32)
2026-03-12 14:11:32:     at Module._load (node:internal/modules/cjs/loader:1299:12)
2026-03-12 14:11:32:     at TracingChannel.traceSync (node:diagnostics_channel:322:14)
2026-03-12 14:11:32:     at wrapModuleLoad (node:internal/modules/cjs/loader:244:24)
2026-03-12 14:11:32:     at Module.executeUserEntryPoint [as runMain] (node:internal/modules/run_main:154:5)
2026-03-12 14:11:32:     at node:internal/main/run_main_module:33:47
2026-03-12 14:11:32: 
2026-03-12 14:11:32: Node.js v24.8.0
2026-03-12 14:11:32: C:\PROGRAM FILES\NODEJS\NPM.CMD:1
2026-03-12 14:11:32: :: Created by npm, please don't edit manually.
2026-03-12 14:11:32: ^
2026-03-12 14:11:32: 
2026-03-12 14:11:32: SyntaxError: Unexpected token ':'
2026-03-12 14:11:32:     at wrapSafe (node:internal/modules/cjs/loader:1691:18)
2026-03-12 14:11:32:     at Module._compile (node:internal/modules/cjs/loader:1734:20)
2026-03-12 14:11:32:     at Object..js (node:internal/modules/cjs/loader:1893:10)
2026-03-12 14:11:32:     at Module.load (node:internal/modules/cjs/loader:1480:32)
2026-03-12 14:11:32:     at Module._load (node:internal/modules/cjs/loader:1299:12)
2026-03-12 14:11:32:     at TracingChannel.traceSync (node:diagnostics_channel:322:14)
2026-03-12 14:11:32:     at wrapModuleLoad (node:internal/modules/cjs/loader:244:24)
2026-03-12 14:11:32:     at Module.executeUserEntryPoint [as runMain] (node:internal/modules/run_main:154:5)
2026-03-12 14:11:32:     at node:internal/main/run_main_module:33:47
2026-03-12 14:11:32: 
2026-03-12 14:11:32: Node.js v24.8.0
2026-03-12 14:11:32: C:\PROGRAM FILES\NODEJS\NPM.CMD:1
2026-03-12 14:11:32: :: Created by npm, please don't edit manually.
2026-03-12 14:11:32: ^
2026-03-12 14:11:32: 
2026-03-12 14:11:32: SyntaxError: Unexpected token ':'
2026-03-12 14:11:32:     at wrapSafe (node:internal/modules/cjs/loader:1691:18)
2026-03-12 14:11:32:     at Module._compile (node:internal/modules/cjs/loader:1734:20)
2026-03-12 14:11:32:     at Object..js (node:internal/modules/cjs/loader:1893:10)
2026-03-12 14:11:32:     at Module.load (node:internal/modules/cjs/loader:1480:32)
2026-03-12 14:11:32:     at Module._load (node:internal/modules/cjs/loader:1299:12)
2026-03-12 14:11:32:     at TracingChannel.traceSync (node:diagnostics_channel:322:14)
2026-03-12 14:11:32:     at wrapModuleLoad (node:internal/modules/cjs/loader:244:24)
2026-03-12 14:11:32:     at Module.executeUserEntryPoint [as runMain] (node:internal/modules/run_main:154:5)
2026-03-12 14:11:32:     at node:internal/main/run_main_module:33:47
2026-03-12 14:11:32: 
2026-03-12 14:11:32: Node.js v24.8.0
2026-03-12 14:11:32: C:\PROGRAM FILES\NODEJS\NPM.CMD:1
2026-03-12 14:11:32: :: Created by npm, please don't edit manually.
2026-03-12 14:11:32: ^
2026-03-12 14:11:32: 
2026-03-12 14:11:32: SyntaxError: Unexpected token ':'
2026-03-12 14:11:32:     at wrapSafe (node:internal/modules/cjs/loader:1691:18)
2026-03-12 14:11:32:     at Module._compile (node:internal/modules/cjs/loader:1734:20)
2026-03-12 14:11:32:     at Object..js (node:internal/modules/cjs/loader:1893:10)
2026-03-12 14:11:32:     at Module.load (node:internal/modules/cjs/loader:1480:32)
2026-03-12 14:11:32:     at Module._load (node:internal/modules/cjs/loader:1299:12)
2026-03-12 14:11:32:     at TracingChannel.traceSync (node:diagnostics_channel:322:14)
2026-03-12 14:11:32:     at wrapModuleLoad (node:internal/modules/cjs/loader:244:24)
2026-03-12 14:11:32:     at Module.executeUserEntryPoint [as runMain] (node:internal/modules/run_main:154:5)
2026-03-12 14:11:32:     at node:internal/main/run_main_module:33:47
2026-03-12 14:11:32: 
2026-03-12 14:11:32: Node.js v24.8.0
2026-03-12 14:12:28: C:\PROGRAM FILES\NODEJS\NPM.CMD:1
2026-03-12 14:12:28: :: Created by npm, please don't edit manually.
2026-03-12 14:12:28: ^
2026-03-12 14:12:28: 
2026-03-12 14:12:28: SyntaxError: Unexpected token ':'
2026-03-12 14:12:28:     at wrapSafe (node:internal/modules/cjs/loader:1691:18)
2026-03-12 14:12:28:     at Module._compile (node:internal/modules/cjs/loader:1734:20)
2026-03-12 14:12:28:     at Object..js (node:internal/modules/cjs/loader:1893:10)
2026-03-12 14:12:28:     at Module.load (node:internal/modules/cjs/loader:1480:32)
2026-03-12 14:12:28:     at Module._load (node:internal/modules/cjs/loader:1299:12)
2026-03-12 14:12:28:     at TracingChannel.traceSync (node:diagnostics_channel:322:14)
2026-03-12 14:12:28:     at wrapModuleLoad (node:internal/modules/cjs/loader:244:24)
2026-03-12 14:12:28:     at Module.executeUserEntryPoint [as runMain] (node:internal/modules/run_main:154:5)
2026-03-12 14:12:28:     at node:internal/main/run_main_module:33:47
2026-03-12 14:12:28: 
2026-03-12 14:12:28: Node.js v24.8.0
2026-03-12 14:12:28: C:\PROGRAM FILES\NODEJS\NPM.CMD:1
2026-03-12 14:12:28: :: Created by npm, please don't edit manually.
2026-03-12 14:12:28: ^
2026-03-12 14:12:28: 
2026-03-12 14:12:28: SyntaxError: Unexpected token ':'
2026-03-12 14:12:28:     at wrapSafe (node:internal/modules/cjs/loader:1691:18)
2026-03-12 14:12:28:     at Module._compile (node:internal/modules/cjs/loader:1734:20)
2026-03-12 14:12:28:     at Object..js (node:internal/modules/cjs/loader:1893:10)
2026-03-12 14:12:28:     at Module.load (node:internal/modules/cjs/loader:1480:32)
2026-03-12 14:12:28:     at Module._load (node:internal/modules/cjs/loader:1299:12)
2026-03-12 14:12:28:     at TracingChannel.traceSync (node:diagnostics_channel:322:14)
2026-03-12 14:12:28:     at wrapModuleLoad (node:internal/modules/cjs/loader:244:24)
2026-03-12 14:12:28:     at Module.executeUserEntryPoint [as runMain] (node:internal/modules/run_main:154:5)
2026-03-12 14:12:28:     at node:internal/main/run_main_module:33:47
2026-03-12 14:12:28: 
2026-03-12 14:12:28: Node.js v24.8.0
2026-03-12 14:12:28: C:\PROGRAM FILES\NODEJS\NPM.CMD:1
2026-03-12 14:12:28: :: Created by npm, please don't edit manually.
2026-03-12 14:12:28: ^
2026-03-12 14:12:28: 
2026-03-12 14:12:28: SyntaxError: Unexpected token ':'
2026-03-12 14:12:28:     at wrapSafe (node:internal/modules/cjs/loader:1691:18)
2026-03-12 14:12:28:     at Module._compile (node:internal/modules/cjs/loader:1734:20)
2026-03-12 14:12:28:     at Object..js (node:internal/modules/cjs/loader:1893:10)
2026-03-12 14:12:28:     at Module.load (node:internal/modules/cjs/loader:1480:32)
2026-03-12 14:12:28:     at Module._load (node:internal/modules/cjs/loader:1299:12)
2026-03-12 14:12:28:     at TracingChannel.traceSync (node:diagnostics_channel:322:14)
2026-03-12 14:12:28:     at wrapModuleLoad (node:internal/modules/cjs/loader:244:24)
2026-03-12 14:12:28:     at Module.executeUserEntryPoint [as runMain] (node:internal/modules/run_main:154:5)
2026-03-12 14:12:28:     at node:internal/main/run_main_module:33:47
2026-03-12 14:12:28: 
2026-03-12 14:12:28: Node.js v24.8.0
2026-03-12 14:12:28: C:\PROGRAM FILES\NODEJS\NPM.CMD:1
2026-03-12 14:12:28: :: Created by npm, please don't edit manually.
2026-03-12 14:12:28: ^
2026-03-12 14:12:28: 
2026-03-12 14:12:28: SyntaxError: Unexpected token ':'
2026-03-12 14:12:28:     at wrapSafe (node:internal/modules/cjs/loader:1691:18)
2026-03-12 14:12:28:     at Module._compile (node:internal/modules/cjs/loader:1734:20)
2026-03-12 14:12:28:     at Object..js (node:internal/modules/cjs/loader:1893:10)
2026-03-12 14:12:28:     at Module.load (node:internal/modules/cjs/loader:1480:32)
2026-03-12 14:12:28:     at Module._load (node:internal/modules/cjs/loader:1299:12)
2026-03-12 14:12:28:     at TracingChannel.traceSync (node:diagnostics_channel:322:14)
2026-03-12 14:12:28:     at wrapModuleLoad (node:internal/modules/cjs/loader:244:24)
2026-03-12 14:12:28:     at Module.executeUserEntryPoint [as runMain] (node:internal/modules/run_main:154:5)
2026-03-12 14:12:28:     at node:internal/main/run_main_module:33:47
2026-03-12 14:12:28: 
2026-03-12 14:12:28: Node.js v24.8.0
2026-03-12 14:12:28: C:\PROGRAM FILES\NODEJS\NPM.CMD:1
2026-03-12 14:12:28: :: Created by npm, please don't edit manually.
2026-03-12 14:12:28: ^
2026-03-12 14:12:28: 
2026-03-12 14:12:28: SyntaxError: Unexpected token ':'
2026-03-12 14:12:28:     at wrapSafe (node:internal/modules/cjs/loader:1691:18)
2026-03-12 14:12:28:     at Module._compile (node:internal/modules/cjs/loader:1734:20)
2026-03-12 14:12:28:     at Object..js (node:internal/modules/cjs/loader:1893:10)
2026-03-12 14:12:28:     at Module.load (node:internal/modules/cjs/loader:1480:32)
2026-03-12 14:12:28:     at Module._load (node:internal/modules/cjs/loader:1299:12)
2026-03-12 14:12:28:     at TracingChannel.traceSync (node:diagnostics_channel:322:14)
2026-03-12 14:12:28:     at wrapModuleLoad (node:internal/modules/cjs/loader:244:24)
2026-03-12 14:12:28:     at Module.executeUserEntryPoint [as runMain] (node:internal/modules/run_main:154:5)
2026-03-12 14:12:28:     at node:internal/main/run_main_module:33:47
2026-03-12 14:12:28: 
2026-03-12 14:12:28: Node.js v24.8.0
2026-03-12 14:12:28: C:\PROGRAM FILES\NODEJS\NPM.CMD:1
2026-03-12 14:12:28: :: Created by npm, please don't edit manually.
2026-03-12 14:12:28: ^
2026-03-12 14:12:28: 
2026-03-12 14:12:28: SyntaxError: Unexpected token ':'
2026-03-12 14:12:28:     at wrapSafe (node:internal/modules/cjs/loader:1691:18)
2026-03-12 14:12:28:     at Module._compile (node:internal/modules/cjs/loader:1734:20)
2026-03-12 14:12:28:     at Object..js (node:internal/modules/cjs/loader:1893:10)
2026-03-12 14:12:28:     at Module.load (node:internal/modules/cjs/loader:1480:32)
2026-03-12 14:12:28:     at Module._load (node:internal/modules/cjs/loader:1299:12)
2026-03-12 14:12:28:     at TracingChannel.traceSync (node:diagnostics_channel:322:14)
2026-03-12 14:12:28:     at wrapModuleLoad (node:internal/modules/cjs/loader:244:24)
2026-03-12 14:12:28:     at Module.executeUserEntryPoint [as runMain] (node:internal/modules/run_main:154:5)
2026-03-12 14:12:28:     at node:internal/main/run_main_module:33:47
2026-03-12 14:12:28: 
2026-03-12 14:12:28: Node.js v24.8.0
2026-03-12 14:12:28: C:\PROGRAM FILES\NODEJS\NPM.CMD:1
2026-03-12 14:12:28: :: Created by npm, please don't edit manually.
2026-03-12 14:12:28: ^
2026-03-12 14:12:28: 
2026-03-12 14:12:28: SyntaxError: Unexpected token ':'
2026-03-12 14:12:28:     at wrapSafe (node:internal/modules/cjs/loader:1691:18)
2026-03-12 14:12:28:     at Module._compile (node:internal/modules/cjs/loader:1734:20)
2026-03-12 14:12:28:     at Object..js (node:internal/modules/cjs/loader:1893:10)
2026-03-12 14:12:28:     at Module.load (node:internal/modules/cjs/loader:1480:32)
2026-03-12 14:12:28:     at Module._load (node:internal/modules/cjs/loader:1299:12)
2026-03-12 14:12:28:     at TracingChannel.traceSync (node:diagnostics_channel:322:14)
2026-03-12 14:12:28:     at wrapModuleLoad (node:internal/modules/cjs/loader:244:24)
2026-03-12 14:12:28:     at Module.executeUserEntryPoint [as runMain] (node:internal/modules/run_main:154:5)
2026-03-12 14:12:28:     at node:internal/main/run_main_module:33:47
2026-03-12 14:12:28: 
2026-03-12 14:12:28: Node.js v24.8.0
2026-03-12 14:12:29: C:\PROGRAM FILES\NODEJS\NPM.CMD:1
2026-03-12 14:12:29: :: Created by npm, please don't edit manually.
2026-03-12 14:12:29: ^
2026-03-12 14:12:29: 
2026-03-12 14:12:29: SyntaxError: Unexpected token ':'
2026-03-12 14:12:29:     at wrapSafe (node:internal/modules/cjs/loader:1691:18)
2026-03-12 14:12:29:     at Module._compile (node:internal/modules/cjs/loader:1734:20)
2026-03-12 14:12:29:     at Object..js (node:internal/modules/cjs/loader:1893:10)
2026-03-12 14:12:29:     at Module.load (node:internal/modules/cjs/loader:1480:32)
2026-03-12 14:12:29:     at Module._load (node:internal/modules/cjs/loader:1299:12)
2026-03-12 14:12:29:     at TracingChannel.traceSync (node:diagnostics_channel:322:14)
2026-03-12 14:12:29:     at wrapModuleLoad (node:internal/modules/cjs/loader:244:24)
2026-03-12 14:12:29:     at Module.executeUserEntryPoint [as runMain] (node:internal/modules/run_main:154:5)
2026-03-12 14:12:29:     at node:internal/main/run_main_module:33:47
2026-03-12 14:12:29: 
2026-03-12 14:12:29: Node.js v24.8.0
2026-03-12 14:12:29: C:\PROGRAM FILES\NODEJS\NPM.CMD:1
2026-03-12 14:12:29: :: Created by npm, please don't edit manually.
2026-03-12 14:12:29: ^
2026-03-12 14:12:29: 
2026-03-12 14:12:29: SyntaxError: Unexpected token ':'
2026-03-12 14:12:29:     at wrapSafe (node:internal/modules/cjs/loader:1691:18)
2026-03-12 14:12:29:     at Module._compile (node:internal/modules/cjs/loader:1734:20)
2026-03-12 14:12:29:     at Object..js (node:internal/modules/cjs/loader:1893:10)
2026-03-12 14:12:29:     at Module.load (node:internal/modules/cjs/loader:1480:32)
2026-03-12 14:12:29:     at Module._load (node:internal/modules/cjs/loader:1299:12)
2026-03-12 14:12:29:     at TracingChannel.traceSync (node:diagnostics_channel:322:14)
2026-03-12 14:12:29:     at wrapModuleLoad (node:internal/modules/cjs/loader:244:24)
2026-03-12 14:12:29:     at Module.executeUserEntryPoint [as runMain] (node:internal/modules/run_main:154:5)
2026-03-12 14:12:29:     at node:internal/main/run_main_module:33:47
2026-03-12 14:12:29: 
2026-03-12 14:12:29: Node.js v24.8.0
2026-03-12 14:12:29: C:\PROGRAM FILES\NODEJS\NPM.CMD:1
2026-03-12 14:12:29: :: Created by npm, please don't edit manually.
2026-03-12 14:12:29: ^
2026-03-12 14:12:29: 
2026-03-12 14:12:29: SyntaxError: Unexpected token ':'
2026-03-12 14:12:29:     at wrapSafe (node:internal/modules/cjs/loader:1691:18)
2026-03-12 14:12:29:     at Module._compile (node:internal/modules/cjs/loader:1734:20)
2026-03-12 14:12:29:     at Object..js (node:internal/modules/cjs/loader:1893:10)
2026-03-12 14:12:29:     at Module.load (node:internal/modules/cjs/loader:1480:32)
2026-03-12 14:12:29:     at Module._load (node:internal/modules/cjs/loader:1299:12)
2026-03-12 14:12:29:     at TracingChannel.traceSync (node:diagnostics_channel:322:14)
2026-03-12 14:12:29:     at wrapModuleLoad (node:internal/modules/cjs/loader:244:24)
2026-03-12 14:12:29:     at Module.executeUserEntryPoint [as runMain] (node:internal/modules/run_main:154:5)
2026-03-12 14:12:29:     at node:internal/main/run_main_module:33:47
2026-03-12 14:12:29: 
2026-03-12 14:12:29: Node.js v24.8.0
2026-03-12 14:12:29: C:\PROGRAM FILES\NODEJS\NPM.CMD:1
2026-03-12 14:12:29: :: Created by npm, please don't edit manually.
2026-03-12 14:12:29: ^
2026-03-12 14:12:29: 
2026-03-12 14:12:29: SyntaxError: Unexpected token ':'
2026-03-12 14:12:29:     at wrapSafe (node:internal/modules/cjs/loader:1691:18)
2026-03-12 14:12:29:     at Module._compile (node:internal/modules/cjs/loader:1734:20)
2026-03-12 14:12:29:     at Object..js (node:internal/modules/cjs/loader:1893:10)
2026-03-12 14:12:29:     at Module.load (node:internal/modules/cjs/loader:1480:32)
2026-03-12 14:12:29:     at Module._load (node:internal/modules/cjs/loader:1299:12)
2026-03-12 14:12:29:     at TracingChannel.traceSync (node:diagnostics_channel:322:14)
2026-03-12 14:12:29:     at wrapModuleLoad (node:internal/modules/cjs/loader:244:24)
2026-03-12 14:12:29:     at Module.executeUserEntryPoint [as runMain] (node:internal/modules/run_main:154:5)
2026-03-12 14:12:29:     at node:internal/main/run_main_module:33:47
2026-03-12 14:12:29: 
2026-03-12 14:12:29: Node.js v24.8.0
2026-03-12 14:12:29: C:\PROGRAM FILES\NODEJS\NPM.CMD:1
2026-03-12 14:12:29: :: Created by npm, please don't edit manually.
2026-03-12 14:12:29: ^
2026-03-12 14:12:29: 
2026-03-12 14:12:29: SyntaxError: Unexpected token ':'
2026-03-12 14:12:29:     at wrapSafe (node:internal/modules/cjs/loader:1691:18)
2026-03-12 14:12:29:     at Module._compile (node:internal/modules/cjs/loader:1734:20)
2026-03-12 14:12:29:     at Object..js (node:internal/modules/cjs/loader:1893:10)
2026-03-12 14:12:29:     at Module.load (node:internal/modules/cjs/loader:1480:32)
2026-03-12 14:12:29:     at Module._load (node:internal/modules/cjs/loader:1299:12)
2026-03-12 14:12:29:     at TracingChannel.traceSync (node:diagnostics_channel:322:14)
2026-03-12 14:12:29:     at wrapModuleLoad (node:internal/modules/cjs/loader:244:24)
2026-03-12 14:12:29:     at Module.executeUserEntryPoint [as runMain] (node:internal/modules/run_main:154:5)
2026-03-12 14:12:29:     at node:internal/main/run_main_module:33:47
2026-03-12 14:12:29: 
2026-03-12 14:12:29: Node.js v24.8.0
2026-03-12 14:12:29: C:\PROGRAM FILES\NODEJS\NPM.CMD:1
2026-03-12 14:12:29: :: Created by npm, please don't edit manually.
2026-03-12 14:12:29: ^
2026-03-12 14:12:29: 
2026-03-12 14:12:29: SyntaxError: Unexpected token ':'
2026-03-12 14:12:29:     at wrapSafe (node:internal/modules/cjs/loader:1691:18)
2026-03-12 14:12:29:     at Module._compile (node:internal/modules/cjs/loader:1734:20)
2026-03-12 14:12:29:     at Object..js (node:internal/modules/cjs/loader:1893:10)
2026-03-12 14:12:29:     at Module.load (node:internal/modules/cjs/loader:1480:32)
2026-03-12 14:12:29:     at Module._load (node:internal/modules/cjs/loader:1299:12)
2026-03-12 14:12:29:     at TracingChannel.traceSync (node:diagnostics_channel:322:14)
2026-03-12 14:12:29:     at wrapModuleLoad (node:internal/modules/cjs/loader:244:24)
2026-03-12 14:12:29:     at Module.executeUserEntryPoint [as runMain] (node:internal/modules/run_main:154:5)
2026-03-12 14:12:29:     at node:internal/main/run_main_module:33:47
2026-03-12 14:12:29: 
2026-03-12 14:12:29: Node.js v24.8.0
2026-03-12 14:12:29: C:\PROGRAM FILES\NODEJS\NPM.CMD:1
2026-03-12 14:12:29: :: Created by npm, please don't edit manually.
2026-03-12 14:12:29: ^
2026-03-12 14:12:29: 
2026-03-12 14:12:29: SyntaxError: Unexpected token ':'
2026-03-12 14:12:29:     at wrapSafe (node:internal/modules/cjs/loader:1691:18)
2026-03-12 14:12:29:     at Module._compile (node:internal/modules/cjs/loader:1734:20)
2026-03-12 14:12:29:     at Object..js (node:internal/modules/cjs/loader:1893:10)
2026-03-12 14:12:29:     at Module.load (node:internal/modules/cjs/loader:1480:32)
2026-03-12 14:12:29:     at Module._load (node:internal/modules/cjs/loader:1299:12)
2026-03-12 14:12:29:     at TracingChannel.traceSync (node:diagnostics_channel:322:14)
2026-03-12 14:12:29:     at wrapModuleLoad (node:internal/modules/cjs/loader:244:24)
2026-03-12 14:12:29:     at Module.executeUserEntryPoint [as runMain] (node:internal/modules/run_main:154:5)
2026-03-12 14:12:29:     at node:internal/main/run_main_module:33:47
2026-03-12 14:12:29: 
2026-03-12 14:12:29: Node.js v24.8.0
2026-03-12 14:12:30: C:\PROGRAM FILES\NODEJS\NPM.CMD:1
2026-03-12 14:12:30: :: Created by npm, please don't edit manually.
2026-03-12 14:12:30: ^
2026-03-12 14:12:30: 
2026-03-12 14:12:30: SyntaxError: Unexpected token ':'
2026-03-12 14:12:30:     at wrapSafe (node:internal/modules/cjs/loader:1691:18)
2026-03-12 14:12:30:     at Module._compile (node:internal/modules/cjs/loader:1734:20)
2026-03-12 14:12:30:     at Object..js (node:internal/modules/cjs/loader:1893:10)
2026-03-12 14:12:30:     at Module.load (node:internal/modules/cjs/loader:1480:32)
2026-03-12 14:12:30:     at Module._load (node:internal/modules/cjs/loader:1299:12)
2026-03-12 14:12:30:     at TracingChannel.traceSync (node:diagnostics_channel:322:14)
2026-03-12 14:12:30:     at wrapModuleLoad (node:internal/modules/cjs/loader:244:24)
2026-03-12 14:12:30:     at Module.executeUserEntryPoint [as runMain] (node:internal/modules/run_main:154:5)
2026-03-12 14:12:30:     at node:internal/main/run_main_module:33:47
2026-03-12 14:12:30: 
2026-03-12 14:12:30: Node.js v24.8.0
2026-03-12 14:12:30: C:\PROGRAM FILES\NODEJS\NPM.CMD:1
2026-03-12 14:12:30: :: Created by npm, please don't edit manually.
2026-03-12 14:12:30: ^
2026-03-12 14:12:30: 
2026-03-12 14:12:30: SyntaxError: Unexpected token ':'
2026-03-12 14:12:30:     at wrapSafe (node:internal/modules/cjs/loader:1691:18)
2026-03-12 14:12:30:     at Module._compile (node:internal/modules/cjs/loader:1734:20)
2026-03-12 14:12:30:     at Object..js (node:internal/modules/cjs/loader:1893:10)
2026-03-12 14:12:30:     at Module.load (node:internal/modules/cjs/loader:1480:32)
2026-03-12 14:12:30:     at Module._load (node:internal/modules/cjs/loader:1299:12)
2026-03-12 14:12:30:     at TracingChannel.traceSync (node:diagnostics_channel:322:14)
2026-03-12 14:12:30:     at wrapModuleLoad (node:internal/modules/cjs/loader:244:24)
2026-03-12 14:12:30:     at Module.executeUserEntryPoint [as runMain] (node:internal/modules/run_main:154:5)
2026-03-12 14:12:30:     at node:internal/main/run_main_module:33:47
2026-03-12 14:12:30: 
2026-03-12 14:12:30: Node.js v24.8.0
2026-03-12 14:15:46: C:\PROGRAM FILES\NODEJS\NPM.CMD:1
2026-03-12 14:15:46: :: Created by npm, please don't edit manually.
2026-03-12 14:15:46: ^
2026-03-12 14:15:46: 
2026-03-12 14:15:46: SyntaxError: Unexpected token ':'
2026-03-12 14:15:46:     at wrapSafe (node:internal/modules/cjs/loader:1691:18)
2026-03-12 14:15:46:     at Module._compile (node:internal/modules/cjs/loader:1734:20)
2026-03-12 14:15:46:     at Object..js (node:internal/modules/cjs/loader:1893:10)
2026-03-12 14:15:46:     at Module.load (node:internal/modules/cjs/loader:1480:32)
2026-03-12 14:15:46:     at Module._load (node:internal/modules/cjs/loader:1299:12)
2026-03-12 14:15:46:     at TracingChannel.traceSync (node:diagnostics_channel:322:14)
2026-03-12 14:15:46:     at wrapModuleLoad (node:internal/modules/cjs/loader:244:24)
2026-03-12 14:15:46:     at Module.executeUserEntryPoint [as runMain] (node:internal/modules/run_main:154:5)
2026-03-12 14:15:46:     at node:internal/main/run_main_module:33:47
2026-03-12 14:15:46: 
2026-03-12 14:15:46: Node.js v24.8.0
2026-03-12 14:15:46: C:\PROGRAM FILES\NODEJS\NPM.CMD:1
2026-03-12 14:15:46: :: Created by npm, please don't edit manually.
2026-03-12 14:15:46: ^
2026-03-12 14:15:46: 
2026-03-12 14:15:46: SyntaxError: Unexpected token ':'
2026-03-12 14:15:46:     at wrapSafe (node:internal/modules/cjs/loader:1691:18)
2026-03-12 14:15:46:     at Module._compile (node:internal/modules/cjs/loader:1734:20)
2026-03-12 14:15:46:     at Object..js (node:internal/modules/cjs/loader:1893:10)
2026-03-12 14:15:46:     at Module.load (node:internal/modules/cjs/loader:1480:32)
2026-03-12 14:15:46:     at Module._load (node:internal/modules/cjs/loader:1299:12)
2026-03-12 14:15:46:     at TracingChannel.traceSync (node:diagnostics_channel:322:14)
2026-03-12 14:15:46:     at wrapModuleLoad (node:internal/modules/cjs/loader:244:24)
2026-03-12 14:15:46:     at Module.executeUserEntryPoint [as runMain] (node:internal/modules/run_main:154:5)
2026-03-12 14:15:46:     at node:internal/main/run_main_module:33:47
2026-03-12 14:15:46: 
2026-03-12 14:15:46: Node.js v24.8.0
2026-03-12 14:15:46: C:\PROGRAM FILES\NODEJS\NPM.CMD:1
2026-03-12 14:15:46: :: Created by npm, please don't edit manually.
2026-03-12 14:15:46: ^
2026-03-12 14:15:46: 
2026-03-12 14:15:46: SyntaxError: Unexpected token ':'
2026-03-12 14:15:46:     at wrapSafe (node:internal/modules/cjs/loader:1691:18)
2026-03-12 14:15:46:     at Module._compile (node:internal/modules/cjs/loader:1734:20)
2026-03-12 14:15:46:     at Object..js (node:internal/modules/cjs/loader:1893:10)
2026-03-12 14:15:46:     at Module.load (node:internal/modules/cjs/loader:1480:32)
2026-03-12 14:15:46:     at Module._load (node:internal/modules/cjs/loader:1299:12)
2026-03-12 14:15:46:     at TracingChannel.traceSync (node:diagnostics_channel:322:14)
2026-03-12 14:15:46:     at wrapModuleLoad (node:internal/modules/cjs/loader:244:24)
2026-03-12 14:15:46:     at Module.executeUserEntryPoint [as runMain] (node:internal/modules/run_main:154:5)
2026-03-12 14:15:46:     at node:internal/main/run_main_module:33:47
2026-03-12 14:15:46: 
2026-03-12 14:15:46: Node.js v24.8.0
2026-03-12 14:15:46: C:\PROGRAM FILES\NODEJS\NPM.CMD:1
2026-03-12 14:15:46: :: Created by npm, please don't edit manually.
2026-03-12 14:15:46: ^
2026-03-12 14:15:46: 
2026-03-12 14:15:46: SyntaxError: Unexpected token ':'
2026-03-12 14:15:46:     at wrapSafe (node:internal/modules/cjs/loader:1691:18)
2026-03-12 14:15:46:     at Module._compile (node:internal/modules/cjs/loader:1734:20)
2026-03-12 14:15:46:     at Object..js (node:internal/modules/cjs/loader:1893:10)
2026-03-12 14:15:46:     at Module.load (node:internal/modules/cjs/loader:1480:32)
2026-03-12 14:15:46:     at Module._load (node:internal/modules/cjs/loader:1299:12)
2026-03-12 14:15:46:     at TracingChannel.traceSync (node:diagnostics_channel:322:14)
2026-03-12 14:15:46:     at wrapModuleLoad (node:internal/modules/cjs/loader:244:24)
2026-03-12 14:15:46:     at Module.executeUserEntryPoint [as runMain] (node:internal/modules/run_main:154:5)
2026-03-12 14:15:46:     at node:internal/main/run_main_module:33:47
2026-03-12 14:15:46: 
2026-03-12 14:15:46: Node.js v24.8.0
2026-03-12 14:15:46: C:\PROGRAM FILES\NODEJS\NPM.CMD:1
2026-03-12 14:15:46: :: Created by npm, please don't edit manually.
2026-03-12 14:15:46: ^
2026-03-12 14:15:46: 
2026-03-12 14:15:46: SyntaxError: Unexpected token ':'
2026-03-12 14:15:46:     at wrapSafe (node:internal/modules/cjs/loader:1691:18)
2026-03-12 14:15:46:     at Module._compile (node:internal/modules/cjs/loader:1734:20)
2026-03-12 14:15:46:     at Object..js (node:internal/modules/cjs/loader:1893:10)
2026-03-12 14:15:46:     at Module.load (node:internal/modules/cjs/loader:1480:32)
2026-03-12 14:15:46:     at Module._load (node:internal/modules/cjs/loader:1299:12)
2026-03-12 14:15:46:     at TracingChannel.traceSync (node:diagnostics_channel:322:14)
2026-03-12 14:15:46:     at wrapModuleLoad (node:internal/modules/cjs/loader:244:24)
2026-03-12 14:15:46:     at Module.executeUserEntryPoint [as runMain] (node:internal/modules/run_main:154:5)
2026-03-12 14:15:46:     at node:internal/main/run_main_module:33:47
2026-03-12 14:15:46: 
2026-03-12 14:15:46: Node.js v24.8.0
2026-03-12 14:15:46: C:\PROGRAM FILES\NODEJS\NPM.CMD:1
2026-03-12 14:15:46: :: Created by npm, please don't edit manually.
2026-03-12 14:15:46: ^
2026-03-12 14:15:46: 
2026-03-12 14:15:46: SyntaxError: Unexpected token ':'
2026-03-12 14:15:46:     at wrapSafe (node:internal/modules/cjs/loader:1691:18)
2026-03-12 14:15:46:     at Module._compile (node:internal/modules/cjs/loader:1734:20)
2026-03-12 14:15:46:     at Object..js (node:internal/modules/cjs/loader:1893:10)
2026-03-12 14:15:46:     at Module.load (node:internal/modules/cjs/loader:1480:32)
2026-03-12 14:15:46:     at Module._load (node:internal/modules/cjs/loader:1299:12)
2026-03-12 14:15:46:     at TracingChannel.traceSync (node:diagnostics_channel:322:14)
2026-03-12 14:15:46:     at wrapModuleLoad (node:internal/modules/cjs/loader:244:24)
2026-03-12 14:15:46:     at Module.executeUserEntryPoint [as runMain] (node:internal/modules/run_main:154:5)
2026-03-12 14:15:46:     at node:internal/main/run_main_module:33:47
2026-03-12 14:15:46: 
2026-03-12 14:15:46: Node.js v24.8.0
2026-03-12 14:15:47: C:\PROGRAM FILES\NODEJS\NPM.CMD:1
2026-03-12 14:15:47: :: Created by npm, please don't edit manually.
2026-03-12 14:15:47: ^
2026-03-12 14:15:47: 
2026-03-12 14:15:47: SyntaxError: Unexpected token ':'
2026-03-12 14:15:47:     at wrapSafe (node:internal/modules/cjs/loader:1691:18)
2026-03-12 14:15:47:     at Module._compile (node:internal/modules/cjs/loader:1734:20)
2026-03-12 14:15:47:     at Object..js (node:internal/modules/cjs/loader:1893:10)
2026-03-12 14:15:47:     at Module.load (node:internal/modules/cjs/loader:1480:32)
2026-03-12 14:15:47:     at Module._load (node:internal/modules/cjs/loader:1299:12)
2026-03-12 14:15:47:     at TracingChannel.traceSync (node:diagnostics_channel:322:14)
2026-03-12 14:15:47:     at wrapModuleLoad (node:internal/modules/cjs/loader:244:24)
2026-03-12 14:15:47:     at Module.executeUserEntryPoint [as runMain] (node:internal/modules/run_main:154:5)
2026-03-12 14:15:47:     at node:internal/main/run_main_module:33:47
2026-03-12 14:15:47: 
2026-03-12 14:15:47: Node.js v24.8.0
2026-03-12 14:15:47: C:\PROGRAM FILES\NODEJS\NPM.CMD:1
2026-03-12 14:15:47: :: Created by npm, please don't edit manually.
2026-03-12 14:15:47: ^
2026-03-12 14:15:47: 
2026-03-12 14:15:47: SyntaxError: Unexpected token ':'
2026-03-12 14:15:47:     at wrapSafe (node:internal/modules/cjs/loader:1691:18)
2026-03-12 14:15:47:     at Module._compile (node:internal/modules/cjs/loader:1734:20)
2026-03-12 14:15:47:     at Object..js (node:internal/modules/cjs/loader:1893:10)
2026-03-12 14:15:47:     at Module.load (node:internal/modules/cjs/loader:1480:32)
2026-03-12 14:15:47:     at Module._load (node:internal/modules/cjs/loader:1299:12)
2026-03-12 14:15:47:     at TracingChannel.traceSync (node:diagnostics_channel:322:14)
2026-03-12 14:15:47:     at wrapModuleLoad (node:internal/modules/cjs/loader:244:24)
2026-03-12 14:15:47:     at Module.executeUserEntryPoint [as runMain] (node:internal/modules/run_main:154:5)
2026-03-12 14:15:47:     at node:internal/main/run_main_module:33:47
2026-03-12 14:15:47: 
2026-03-12 14:15:47: Node.js v24.8.0
2026-03-12 14:15:47: C:\PROGRAM FILES\NODEJS\NPM.CMD:1
2026-03-12 14:15:47: :: Created by npm, please don't edit manually.
2026-03-12 14:15:47: ^
2026-03-12 14:15:47: 
2026-03-12 14:15:47: SyntaxError: Unexpected token ':'
2026-03-12 14:15:47:     at wrapSafe (node:internal/modules/cjs/loader:1691:18)
2026-03-12 14:15:47:     at Module._compile (node:internal/modules/cjs/loader:1734:20)
2026-03-12 14:15:47:     at Object..js (node:internal/modules/cjs/loader:1893:10)
2026-03-12 14:15:47:     at Module.load (node:internal/modules/cjs/loader:1480:32)
2026-03-12 14:15:47:     at Module._load (node:internal/modules/cjs/loader:1299:12)
2026-03-12 14:15:47:     at TracingChannel.traceSync (node:diagnostics_channel:322:14)
2026-03-12 14:15:47:     at wrapModuleLoad (node:internal/modules/cjs/loader:244:24)
2026-03-12 14:15:47:     at Module.executeUserEntryPoint [as runMain] (node:internal/modules/run_main:154:5)
2026-03-12 14:15:47:     at node:internal/main/run_main_module:33:47
2026-03-12 14:15:47: 
2026-03-12 14:15:47: Node.js v24.8.0
2026-03-12 14:15:47: C:\PROGRAM FILES\NODEJS\NPM.CMD:1
2026-03-12 14:15:47: :: Created by npm, please don't edit manually.
2026-03-12 14:15:47: ^
2026-03-12 14:15:47: 
2026-03-12 14:15:47: SyntaxError: Unexpected token ':'
2026-03-12 14:15:47:     at wrapSafe (node:internal/modules/cjs/loader:1691:18)
2026-03-12 14:15:47:     at Module._compile (node:internal/modules/cjs/loader:1734:20)
2026-03-12 14:15:47:     at Object..js (node:internal/modules/cjs/loader:1893:10)
2026-03-12 14:15:47:     at Module.load (node:internal/modules/cjs/loader:1480:32)
2026-03-12 14:15:47:     at Module._load (node:internal/modules/cjs/loader:1299:12)
2026-03-12 14:15:47:     at TracingChannel.traceSync (node:diagnostics_channel:322:14)
2026-03-12 14:15:47:     at wrapModuleLoad (node:internal/modules/cjs/loader:244:24)
2026-03-12 14:15:47:     at Module.executeUserEntryPoint [as runMain] (node:internal/modules/run_main:154:5)
2026-03-12 14:15:47:     at node:internal/main/run_main_module:33:47
2026-03-12 14:15:47: 
2026-03-12 14:15:47: Node.js v24.8.0
2026-03-12 14:15:47: C:\PROGRAM FILES\NODEJS\NPM.CMD:1
2026-03-12 14:15:47: :: Created by npm, please don't edit manually.
2026-03-12 14:15:47: ^
2026-03-12 14:15:47: 
2026-03-12 14:15:47: SyntaxError: Unexpected token ':'
2026-03-12 14:15:47:     at wrapSafe (node:internal/modules/cjs/loader:1691:18)
2026-03-12 14:15:47:     at Module._compile (node:internal/modules/cjs/loader:1734:20)
2026-03-12 14:15:47:     at Object..js (node:internal/modules/cjs/loader:1893:10)
2026-03-12 14:15:47:     at Module.load (node:internal/modules/cjs/loader:1480:32)
2026-03-12 14:15:47:     at Module._load (node:internal/modules/cjs/loader:1299:12)
2026-03-12 14:15:47:     at TracingChannel.traceSync (node:diagnostics_channel:322:14)
2026-03-12 14:15:47:     at wrapModuleLoad (node:internal/modules/cjs/loader:244:24)
2026-03-12 14:15:47:     at Module.executeUserEntryPoint [as runMain] (node:internal/modules/run_main:154:5)
2026-03-12 14:15:47:     at node:internal/main/run_main_module:33:47
2026-03-12 14:15:47: 
2026-03-12 14:15:47: Node.js v24.8.0
2026-03-12 14:15:47: C:\PROGRAM FILES\NODEJS\NPM.CMD:1
2026-03-12 14:15:47: :: Created by npm, please don't edit manually.
2026-03-12 14:15:47: ^
2026-03-12 14:15:47: 
2026-03-12 14:15:47: SyntaxError: Unexpected token ':'
2026-03-12 14:15:47:     at wrapSafe (node:internal/modules/cjs/loader:1691:18)
2026-03-12 14:15:47:     at Module._compile (node:internal/modules/cjs/loader:1734:20)
2026-03-12 14:15:47:     at Object..js (node:internal/modules/cjs/loader:1893:10)
2026-03-12 14:15:47:     at Module.load (node:internal/modules/cjs/loader:1480:32)
2026-03-12 14:15:47:     at Module._load (node:internal/modules/cjs/loader:1299:12)
2026-03-12 14:15:47:     at TracingChannel.traceSync (node:diagnostics_channel:322:14)
2026-03-12 14:15:47:     at wrapModuleLoad (node:internal/modules/cjs/loader:244:24)
2026-03-12 14:15:47:     at Module.executeUserEntryPoint [as runMain] (node:internal/modules/run_main:154:5)
2026-03-12 14:15:47:     at node:internal/main/run_main_module:33:47
2026-03-12 14:15:47: 
2026-03-12 14:15:47: Node.js v24.8.0
2026-03-12 14:15:47: C:\PROGRAM FILES\NODEJS\NPM.CMD:1
2026-03-12 14:15:47: :: Created by npm, please don't edit manually.
2026-03-12 14:15:47: ^
2026-03-12 14:15:47: 
2026-03-12 14:15:47: SyntaxError: Unexpected token ':'
2026-03-12 14:15:47:     at wrapSafe (node:internal/modules/cjs/loader:1691:18)
2026-03-12 14:15:47:     at Module._compile (node:internal/modules/cjs/loader:1734:20)
2026-03-12 14:15:47:     at Object..js (node:internal/modules/cjs/loader:1893:10)
2026-03-12 14:15:47:     at Module.load (node:internal/modules/cjs/loader:1480:32)
2026-03-12 14:15:47:     at Module._load (node:internal/modules/cjs/loader:1299:12)
2026-03-12 14:15:47:     at TracingChannel.traceSync (node:diagnostics_channel:322:14)
2026-03-12 14:15:47:     at wrapModuleLoad (node:internal/modules/cjs/loader:244:24)
2026-03-12 14:15:47:     at Module.executeUserEntryPoint [as runMain] (node:internal/modules/run_main:154:5)
2026-03-12 14:15:47:     at node:internal/main/run_main_module:33:47
2026-03-12 14:15:47: 
2026-03-12 14:15:47: Node.js v24.8.0
2026-03-12 14:15:48: C:\PROGRAM FILES\NODEJS\NPM.CMD:1
2026-03-12 14:15:48: :: Created by npm, please don't edit manually.
2026-03-12 14:15:48: ^
2026-03-12 14:15:48: 
2026-03-12 14:15:48: SyntaxError: Unexpected token ':'
2026-03-12 14:15:48:     at wrapSafe (node:internal/modules/cjs/loader:1691:18)
2026-03-12 14:15:48:     at Module._compile (node:internal/modules/cjs/loader:1734:20)
2026-03-12 14:15:48:     at Object..js (node:internal/modules/cjs/loader:1893:10)
2026-03-12 14:15:48:     at Module.load (node:internal/modules/cjs/loader:1480:32)
2026-03-12 14:15:48:     at Module._load (node:internal/modules/cjs/loader:1299:12)
2026-03-12 14:15:48:     at TracingChannel.traceSync (node:diagnostics_channel:322:14)
2026-03-12 14:15:48:     at wrapModuleLoad (node:internal/modules/cjs/loader:244:24)
2026-03-12 14:15:48:     at Module.executeUserEntryPoint [as runMain] (node:internal/modules/run_main:154:5)
2026-03-12 14:15:48:     at node:internal/main/run_main_module:33:47
2026-03-12 14:15:48: 
2026-03-12 14:15:48: Node.js v24.8.0
2026-03-12 14:15:48: C:\PROGRAM FILES\NODEJS\NPM.CMD:1
2026-03-12 14:15:48: :: Created by npm, please don't edit manually.
2026-03-12 14:15:48: ^
2026-03-12 14:15:48: 
2026-03-12 14:15:48: SyntaxError: Unexpected token ':'
2026-03-12 14:15:48:     at wrapSafe (node:internal/modules/cjs/loader:1691:18)
2026-03-12 14:15:48:     at Module._compile (node:internal/modules/cjs/loader:1734:20)
2026-03-12 14:15:48:     at Object..js (node:internal/modules/cjs/loader:1893:10)
2026-03-12 14:15:48:     at Module.load (node:internal/modules/cjs/loader:1480:32)
2026-03-12 14:15:48:     at Module._load (node:internal/modules/cjs/loader:1299:12)
2026-03-12 14:15:48:     at TracingChannel.traceSync (node:diagnostics_channel:322:14)
2026-03-12 14:15:48:     at wrapModuleLoad (node:internal/modules/cjs/loader:244:24)
2026-03-12 14:15:48:     at Module.executeUserEntryPoint [as runMain] (node:internal/modules/run_main:154:5)
2026-03-12 14:15:48:     at node:internal/main/run_main_module:33:47
2026-03-12 14:15:48: 
2026-03-12 14:15:48: Node.js v24.8.0
2026-03-12 14:15:48: C:\PROGRAM FILES\NODEJS\NPM.CMD:1
2026-03-12 14:15:48: :: Created by npm, please don't edit manually.
2026-03-12 14:15:48: ^
2026-03-12 14:15:48: 
2026-03-12 14:15:48: SyntaxError: Unexpected token ':'
2026-03-12 14:15:48:     at wrapSafe (node:internal/modules/cjs/loader:1691:18)
2026-03-12 14:15:48:     at Module._compile (node:internal/modules/cjs/loader:1734:20)
2026-03-12 14:15:48:     at Object..js (node:internal/modules/cjs/loader:1893:10)
2026-03-12 14:15:48:     at Module.load (node:internal/modules/cjs/loader:1480:32)
2026-03-12 14:15:48:     at Module._load (node:internal/modules/cjs/loader:1299:12)
2026-03-12 14:15:48:     at TracingChannel.traceSync (node:diagnostics_channel:322:14)
2026-03-12 14:15:48:     at wrapModuleLoad (node:internal/modules/cjs/loader:244:24)
2026-03-12 14:15:48:     at Module.executeUserEntryPoint [as runMain] (node:internal/modules/run_main:154:5)
2026-03-12 14:15:48:     at node:internal/main/run_main_module:33:47
2026-03-12 14:15:48: 
2026-03-12 14:15:48: Node.js v24.8.0
2026-03-12 14:17:12: C:\PROGRAM FILES\NODEJS\NPM.CMD:1
2026-03-12 14:17:12: :: Created by npm, please don't edit manually.
2026-03-12 14:17:12: ^
2026-03-12 14:17:12: 
2026-03-12 14:17:12: SyntaxError: Unexpected token ':'
2026-03-12 14:17:12:     at wrapSafe (node:internal/modules/cjs/loader:1691:18)
2026-03-12 14:17:12:     at Module._compile (node:internal/modules/cjs/loader:1734:20)
2026-03-12 14:17:12:     at Object..js (node:internal/modules/cjs/loader:1893:10)
2026-03-12 14:17:12:     at Module.load (node:internal/modules/cjs/loader:1480:32)
2026-03-12 14:17:12:     at Module._load (node:internal/modules/cjs/loader:1299:12)
2026-03-12 14:17:12:     at TracingChannel.traceSync (node:diagnostics_channel:322:14)
2026-03-12 14:17:12:     at wrapModuleLoad (node:internal/modules/cjs/loader:244:24)
2026-03-12 14:17:12:     at Module.executeUserEntryPoint [as runMain] (node:internal/modules/run_main:154:5)
2026-03-12 14:17:12:     at node:internal/main/run_main_module:33:47
2026-03-12 14:17:12: 
2026-03-12 14:17:12: Node.js v24.8.0
2026-03-12 14:17:13: C:\PROGRAM FILES\NODEJS\NPM.CMD:1
2026-03-12 14:17:13: :: Created by npm, please don't edit manually.
2026-03-12 14:17:13: ^
2026-03-12 14:17:13: 
2026-03-12 14:17:13: SyntaxError: Unexpected token ':'
2026-03-12 14:17:13:     at wrapSafe (node:internal/modules/cjs/loader:1691:18)
2026-03-12 14:17:13:     at Module._compile (node:internal/modules/cjs/loader:1734:20)
2026-03-12 14:17:13:     at Object..js (node:internal/modules/cjs/loader:1893:10)
2026-03-12 14:17:13:     at Module.load (node:internal/modules/cjs/loader:1480:32)
2026-03-12 14:17:13:     at Module._load (node:internal/modules/cjs/loader:1299:12)
2026-03-12 14:17:13:     at TracingChannel.traceSync (node:diagnostics_channel:322:14)
2026-03-12 14:17:13:     at wrapModuleLoad (node:internal/modules/cjs/loader:244:24)
2026-03-12 14:17:13:     at Module.executeUserEntryPoint [as runMain] (node:internal/modules/run_main:154:5)
2026-03-12 14:17:13:     at node:internal/main/run_main_module:33:47
2026-03-12 14:17:13: 
2026-03-12 14:17:13: Node.js v24.8.0
2026-03-12 14:17:13: C:\PROGRAM FILES\NODEJS\NPM.CMD:1
2026-03-12 14:17:13: :: Created by npm, please don't edit manually.
2026-03-12 14:17:13: ^
2026-03-12 14:17:13: 
2026-03-12 14:17:13: SyntaxError: Unexpected token ':'
2026-03-12 14:17:13:     at wrapSafe (node:internal/modules/cjs/loader:1691:18)
2026-03-12 14:17:13:     at Module._compile (node:internal/modules/cjs/loader:1734:20)
2026-03-12 14:17:13:     at Object..js (node:internal/modules/cjs/loader:1893:10)
2026-03-12 14:17:13:     at Module.load (node:internal/modules/cjs/loader:1480:32)
2026-03-12 14:17:13:     at Module._load (node:internal/modules/cjs/loader:1299:12)
2026-03-12 14:17:13:     at TracingChannel.traceSync (node:diagnostics_channel:322:14)
2026-03-12 14:17:13:     at wrapModuleLoad (node:internal/modules/cjs/loader:244:24)
2026-03-12 14:17:13:     at Module.executeUserEntryPoint [as runMain] (node:internal/modules/run_main:154:5)
2026-03-12 14:17:13:     at node:internal/main/run_main_module:33:47
2026-03-12 14:17:13: 
2026-03-12 14:17:13: Node.js v24.8.0
2026-03-12 14:17:13: C:\PROGRAM FILES\NODEJS\NPM.CMD:1
2026-03-12 14:17:13: :: Created by npm, please don't edit manually.
2026-03-12 14:17:13: ^
2026-03-12 14:17:13: 
2026-03-12 14:17:13: SyntaxError: Unexpected token ':'
2026-03-12 14:17:13:     at wrapSafe (node:internal/modules/cjs/loader:1691:18)
2026-03-12 14:17:13:     at Module._compile (node:internal/modules/cjs/loader:1734:20)
2026-03-12 14:17:13:     at Object..js (node:internal/modules/cjs/loader:1893:10)
2026-03-12 14:17:13:     at Module.load (node:internal/modules/cjs/loader:1480:32)
2026-03-12 14:17:13:     at Module._load (node:internal/modules/cjs/loader:1299:12)
2026-03-12 14:17:13:     at TracingChannel.traceSync (node:diagnostics_channel:322:14)
2026-03-12 14:17:13:     at wrapModuleLoad (node:internal/modules/cjs/loader:244:24)
2026-03-12 14:17:13:     at Module.executeUserEntryPoint [as runMain] (node:internal/modules/run_main:154:5)
2026-03-12 14:17:13:     at node:internal/main/run_main_module:33:47
2026-03-12 14:17:13: 
2026-03-12 14:17:13: Node.js v24.8.0
2026-03-12 14:17:13: C:\PROGRAM FILES\NODEJS\NPM.CMD:1
2026-03-12 14:17:13: :: Created by npm, please don't edit manually.
2026-03-12 14:17:13: ^
2026-03-12 14:17:13: 
2026-03-12 14:17:13: SyntaxError: Unexpected token ':'
2026-03-12 14:17:13:     at wrapSafe (node:internal/modules/cjs/loader:1691:18)
2026-03-12 14:17:13:     at Module._compile (node:internal/modules/cjs/loader:1734:20)
2026-03-12 14:17:13:     at Object..js (node:internal/modules/cjs/loader:1893:10)
2026-03-12 14:17:13:     at Module.load (node:internal/modules/cjs/loader:1480:32)
2026-03-12 14:17:13:     at Module._load (node:internal/modules/cjs/loader:1299:12)
2026-03-12 14:17:13:     at TracingChannel.traceSync (node:diagnostics_channel:322:14)
2026-03-12 14:17:13:     at wrapModuleLoad (node:internal/modules/cjs/loader:244:24)
2026-03-12 14:17:13:     at Module.executeUserEntryPoint [as runMain] (node:internal/modules/run_main:154:5)
2026-03-12 14:17:13:     at node:internal/main/run_main_module:33:47
2026-03-12 14:17:13: 
2026-03-12 14:17:13: Node.js v24.8.0
2026-03-12 14:17:13: C:\PROGRAM FILES\NODEJS\NPM.CMD:1
2026-03-12 14:17:13: :: Created by npm, please don't edit manually.
2026-03-12 14:17:13: ^
2026-03-12 14:17:13: 
2026-03-12 14:17:13: SyntaxError: Unexpected token ':'
2026-03-12 14:17:13:     at wrapSafe (node:internal/modules/cjs/loader:1691:18)
2026-03-12 14:17:13:     at Module._compile (node:internal/modules/cjs/loader:1734:20)
2026-03-12 14:17:13:     at Object..js (node:internal/modules/cjs/loader:1893:10)
2026-03-12 14:17:13:     at Module.load (node:internal/modules/cjs/loader:1480:32)
2026-03-12 14:17:13:     at Module._load (node:internal/modules/cjs/loader:1299:12)
2026-03-12 14:17:13:     at TracingChannel.traceSync (node:diagnostics_channel:322:14)
2026-03-12 14:17:13:     at wrapModuleLoad (node:internal/modules/cjs/loader:244:24)
2026-03-12 14:17:13:     at Module.executeUserEntryPoint [as runMain] (node:internal/modules/run_main:154:5)
2026-03-12 14:17:13:     at node:internal/main/run_main_module:33:47
2026-03-12 14:17:13: 
2026-03-12 14:17:13: Node.js v24.8.0
2026-03-12 14:17:13: C:\PROGRAM FILES\NODEJS\NPM.CMD:1
2026-03-12 14:17:13: :: Created by npm, please don't edit manually.
2026-03-12 14:17:13: ^
2026-03-12 14:17:13: 
2026-03-12 14:17:13: SyntaxError: Unexpected token ':'
2026-03-12 14:17:13:     at wrapSafe (node:internal/modules/cjs/loader:1691:18)
2026-03-12 14:17:13:     at Module._compile (node:internal/modules/cjs/loader:1734:20)
2026-03-12 14:17:13:     at Object..js (node:internal/modules/cjs/loader:1893:10)
2026-03-12 14:17:13:     at Module.load (node:internal/modules/cjs/loader:1480:32)
2026-03-12 14:17:13:     at Module._load (node:internal/modules/cjs/loader:1299:12)
2026-03-12 14:17:13:     at TracingChannel.traceSync (node:diagnostics_channel:322:14)
2026-03-12 14:17:13:     at wrapModuleLoad (node:internal/modules/cjs/loader:244:24)
2026-03-12 14:17:13:     at Module.executeUserEntryPoint [as runMain] (node:internal/modules/run_main:154:5)
2026-03-12 14:17:13:     at node:internal/main/run_main_module:33:47
2026-03-12 14:17:13: 
2026-03-12 14:17:13: Node.js v24.8.0
2026-03-12 14:17:13: C:\PROGRAM FILES\NODEJS\NPM.CMD:1
2026-03-12 14:17:13: :: Created by npm, please don't edit manually.
2026-03-12 14:17:13: ^
2026-03-12 14:17:13: 
2026-03-12 14:17:13: SyntaxError: Unexpected token ':'
2026-03-12 14:17:13:     at wrapSafe (node:internal/modules/cjs/loader:1691:18)
2026-03-12 14:17:13:     at Module._compile (node:internal/modules/cjs/loader:1734:20)
2026-03-12 14:17:13:     at Object..js (node:internal/modules/cjs/loader:1893:10)
2026-03-12 14:17:13:     at Module.load (node:internal/modules/cjs/loader:1480:32)
2026-03-12 14:17:13:     at Module._load (node:internal/modules/cjs/loader:1299:12)
2026-03-12 14:17:13:     at TracingChannel.traceSync (node:diagnostics_channel:322:14)
2026-03-12 14:17:13:     at wrapModuleLoad (node:internal/modules/cjs/loader:244:24)
2026-03-12 14:17:13:     at Module.executeUserEntryPoint [as runMain] (node:internal/modules/run_main:154:5)
2026-03-12 14:17:13:     at node:internal/main/run_main_module:33:47
2026-03-12 14:17:13: 
2026-03-12 14:17:13: Node.js v24.8.0
2026-03-12 14:17:13: C:\PROGRAM FILES\NODEJS\NPM.CMD:1
2026-03-12 14:17:13: :: Created by npm, please don't edit manually.
2026-03-12 14:17:13: ^
2026-03-12 14:17:13: 
2026-03-12 14:17:13: SyntaxError: Unexpected token ':'
2026-03-12 14:17:13:     at wrapSafe (node:internal/modules/cjs/loader:1691:18)
2026-03-12 14:17:13:     at Module._compile (node:internal/modules/cjs/loader:1734:20)
2026-03-12 14:17:13:     at Object..js (node:internal/modules/cjs/loader:1893:10)
2026-03-12 14:17:13:     at Module.load (node:internal/modules/cjs/loader:1480:32)
2026-03-12 14:17:13:     at Module._load (node:internal/modules/cjs/loader:1299:12)
2026-03-12 14:17:13:     at TracingChannel.traceSync (node:diagnostics_channel:322:14)
2026-03-12 14:17:13:     at wrapModuleLoad (node:internal/modules/cjs/loader:244:24)
2026-03-12 14:17:13:     at Module.executeUserEntryPoint [as runMain] (node:internal/modules/run_main:154:5)
2026-03-12 14:17:13:     at node:internal/main/run_main_module:33:47
2026-03-12 14:17:13: 
2026-03-12 14:17:13: Node.js v24.8.0
2026-03-12 14:17:13: C:\PROGRAM FILES\NODEJS\NPM.CMD:1
2026-03-12 14:17:13: :: Created by npm, please don't edit manually.
2026-03-12 14:17:13: ^
2026-03-12 14:17:13: 
2026-03-12 14:17:13: SyntaxError: Unexpected token ':'
2026-03-12 14:17:13:     at wrapSafe (node:internal/modules/cjs/loader:1691:18)
2026-03-12 14:17:13:     at Module._compile (node:internal/modules/cjs/loader:1734:20)
2026-03-12 14:17:13:     at Object..js (node:internal/modules/cjs/loader:1893:10)
2026-03-12 14:17:13:     at Module.load (node:internal/modules/cjs/loader:1480:32)
2026-03-12 14:17:13:     at Module._load (node:internal/modules/cjs/loader:1299:12)
2026-03-12 14:17:13:     at TracingChannel.traceSync (node:diagnostics_channel:322:14)
2026-03-12 14:17:13:     at wrapModuleLoad (node:internal/modules/cjs/loader:244:24)
2026-03-12 14:17:13:     at Module.executeUserEntryPoint [as runMain] (node:internal/modules/run_main:154:5)
2026-03-12 14:17:13:     at node:internal/main/run_main_module:33:47
2026-03-12 14:17:13: 
2026-03-12 14:17:13: Node.js v24.8.0
2026-03-12 14:17:14: C:\PROGRAM FILES\NODEJS\NPM.CMD:1
2026-03-12 14:17:14: :: Created by npm, please don't edit manually.
2026-03-12 14:17:14: ^
2026-03-12 14:17:14: 
2026-03-12 14:17:14: SyntaxError: Unexpected token ':'
2026-03-12 14:17:14:     at wrapSafe (node:internal/modules/cjs/loader:1691:18)
2026-03-12 14:17:14:     at Module._compile (node:internal/modules/cjs/loader:1734:20)
2026-03-12 14:17:14:     at Object..js (node:internal/modules/cjs/loader:1893:10)
2026-03-12 14:17:14:     at Module.load (node:internal/modules/cjs/loader:1480:32)
2026-03-12 14:17:14:     at Module._load (node:internal/modules/cjs/loader:1299:12)
2026-03-12 14:17:14:     at TracingChannel.traceSync (node:diagnostics_channel:322:14)
2026-03-12 14:17:14:     at wrapModuleLoad (node:internal/modules/cjs/loader:244:24)
2026-03-12 14:17:14:     at Module.executeUserEntryPoint [as runMain] (node:internal/modules/run_main:154:5)
2026-03-12 14:17:14:     at node:internal/main/run_main_module:33:47
2026-03-12 14:17:14: 
2026-03-12 14:17:14: Node.js v24.8.0
2026-03-12 14:17:14: C:\PROGRAM FILES\NODEJS\NPM.CMD:1
2026-03-12 14:17:14: :: Created by npm, please don't edit manually.
2026-03-12 14:17:14: ^
2026-03-12 14:17:14: 
2026-03-12 14:17:14: SyntaxError: Unexpected token ':'
2026-03-12 14:17:14:     at wrapSafe (node:internal/modules/cjs/loader:1691:18)
2026-03-12 14:17:14:     at Module._compile (node:internal/modules/cjs/loader:1734:20)
2026-03-12 14:17:14:     at Object..js (node:internal/modules/cjs/loader:1893:10)
2026-03-12 14:17:14:     at Module.load (node:internal/modules/cjs/loader:1480:32)
2026-03-12 14:17:14:     at Module._load (node:internal/modules/cjs/loader:1299:12)
2026-03-12 14:17:14:     at TracingChannel.traceSync (node:diagnostics_channel:322:14)
2026-03-12 14:17:14:     at wrapModuleLoad (node:internal/modules/cjs/loader:244:24)
2026-03-12 14:17:14:     at Module.executeUserEntryPoint [as runMain] (node:internal/modules/run_main:154:5)
2026-03-12 14:17:14:     at node:internal/main/run_main_module:33:47
2026-03-12 14:17:14: 
2026-03-12 14:17:14: Node.js v24.8.0
2026-03-12 14:17:14: C:\PROGRAM FILES\NODEJS\NPM.CMD:1
2026-03-12 14:17:14: :: Created by npm, please don't edit manually.
2026-03-12 14:17:14: ^
2026-03-12 14:17:14: 
2026-03-12 14:17:14: SyntaxError: Unexpected token ':'
2026-03-12 14:17:14:     at wrapSafe (node:internal/modules/cjs/loader:1691:18)
2026-03-12 14:17:14:     at Module._compile (node:internal/modules/cjs/loader:1734:20)
2026-03-12 14:17:14:     at Object..js (node:internal/modules/cjs/loader:1893:10)
2026-03-12 14:17:14:     at Module.load (node:internal/modules/cjs/loader:1480:32)
2026-03-12 14:17:14:     at Module._load (node:internal/modules/cjs/loader:1299:12)
2026-03-12 14:17:14:     at TracingChannel.traceSync (node:diagnostics_channel:322:14)
2026-03-12 14:17:14:     at wrapModuleLoad (node:internal/modules/cjs/loader:244:24)
2026-03-12 14:17:14:     at Module.executeUserEntryPoint [as runMain] (node:internal/modules/run_main:154:5)
2026-03-12 14:17:14:     at node:internal/main/run_main_module:33:47
2026-03-12 14:17:14: 
2026-03-12 14:17:14: Node.js v24.8.0
2026-03-12 14:17:14: C:\PROGRAM FILES\NODEJS\NPM.CMD:1
2026-03-12 14:17:14: :: Created by npm, please don't edit manually.
2026-03-12 14:17:14: ^
2026-03-12 14:17:14: 
2026-03-12 14:17:14: SyntaxError: Unexpected token ':'
2026-03-12 14:17:14:     at wrapSafe (node:internal/modules/cjs/loader:1691:18)
2026-03-12 14:17:14:     at Module._compile (node:internal/modules/cjs/loader:1734:20)
2026-03-12 14:17:14:     at Object..js (node:internal/modules/cjs/loader:1893:10)
2026-03-12 14:17:14:     at Module.load (node:internal/modules/cjs/loader:1480:32)
2026-03-12 14:17:14:     at Module._load (node:internal/modules/cjs/loader:1299:12)
2026-03-12 14:17:14:     at TracingChannel.traceSync (node:diagnostics_channel:322:14)
2026-03-12 14:17:14:     at wrapModuleLoad (node:internal/modules/cjs/loader:244:24)
2026-03-12 14:17:14:     at Module.executeUserEntryPoint [as runMain] (node:internal/modules/run_main:154:5)
2026-03-12 14:17:14:     at node:internal/main/run_main_module:33:47
2026-03-12 14:17:14: 
2026-03-12 14:17:14: Node.js v24.8.0
2026-03-12 14:17:14: C:\PROGRAM FILES\NODEJS\NPM.CMD:1
2026-03-12 14:17:14: :: Created by npm, please don't edit manually.
2026-03-12 14:17:14: ^
2026-03-12 14:17:14: 
2026-03-12 14:17:14: SyntaxError: Unexpected token ':'
2026-03-12 14:17:14:     at wrapSafe (node:internal/modules/cjs/loader:1691:18)
2026-03-12 14:17:14:     at Module._compile (node:internal/modules/cjs/loader:1734:20)
2026-03-12 14:17:14:     at Object..js (node:internal/modules/cjs/loader:1893:10)
2026-03-12 14:17:14:     at Module.load (node:internal/modules/cjs/loader:1480:32)
2026-03-12 14:17:14:     at Module._load (node:internal/modules/cjs/loader:1299:12)
2026-03-12 14:17:14:     at TracingChannel.traceSync (node:diagnostics_channel:322:14)
2026-03-12 14:17:14:     at wrapModuleLoad (node:internal/modules/cjs/loader:244:24)
2026-03-12 14:17:14:     at Module.executeUserEntryPoint [as runMain] (node:internal/modules/run_main:154:5)
2026-03-12 14:17:14:     at node:internal/main/run_main_module:33:47
2026-03-12 14:17:14: 
2026-03-12 14:17:14: Node.js v24.8.0
2026-03-12 14:17:14: C:\PROGRAM FILES\NODEJS\NPM.CMD:1
2026-03-12 14:17:14: :: Created by npm, please don't edit manually.
2026-03-12 14:17:14: ^
2026-03-12 14:17:14: 
2026-03-12 14:17:14: SyntaxError: Unexpected token ':'
2026-03-12 14:17:14:     at wrapSafe (node:internal/modules/cjs/loader:1691:18)
2026-03-12 14:17:14:     at Module._compile (node:internal/modules/cjs/loader:1734:20)
2026-03-12 14:17:14:     at Object..js (node:internal/modules/cjs/loader:1893:10)
2026-03-12 14:17:14:     at Module.load (node:internal/modules/cjs/loader:1480:32)
2026-03-12 14:17:14:     at Module._load (node:internal/modules/cjs/loader:1299:12)
2026-03-12 14:17:14:     at TracingChannel.traceSync (node:diagnostics_channel:322:14)
2026-03-12 14:17:14:     at wrapModuleLoad (node:internal/modules/cjs/loader:244:24)
2026-03-12 14:17:14:     at Module.executeUserEntryPoint [as runMain] (node:internal/modules/run_main:154:5)
2026-03-12 14:17:14:     at node:internal/main/run_main_module:33:47
2026-03-12 14:17:14: 
2026-03-12 14:17:14: Node.js v24.8.0
2026-03-12 14:17:45: C:\PROGRAM FILES\NODEJS\NPM.CMD:1
2026-03-12 14:17:45: :: Created by npm, please don't edit manually.
2026-03-12 14:17:45: ^
2026-03-12 14:17:45: 
2026-03-12 14:17:45: SyntaxError: Unexpected token ':'
2026-03-12 14:17:45:     at wrapSafe (node:internal/modules/cjs/loader:1691:18)
2026-03-12 14:17:45:     at Module._compile (node:internal/modules/cjs/loader:1734:20)
2026-03-12 14:17:45:     at Object..js (node:internal/modules/cjs/loader:1893:10)
2026-03-12 14:17:45:     at Module.load (node:internal/modules/cjs/loader:1480:32)
2026-03-12 14:17:45:     at Module._load (node:internal/modules/cjs/loader:1299:12)
2026-03-12 14:17:45:     at TracingChannel.traceSync (node:diagnostics_channel:322:14)
2026-03-12 14:17:45:     at wrapModuleLoad (node:internal/modules/cjs/loader:244:24)
2026-03-12 14:17:45:     at Module.executeUserEntryPoint [as runMain] (node:internal/modules/run_main:154:5)
2026-03-12 14:17:45:     at node:internal/main/run_main_module:33:47
2026-03-12 14:17:45: 
2026-03-12 14:17:45: Node.js v24.8.0
2026-03-12 14:17:45: C:\PROGRAM FILES\NODEJS\NPM.CMD:1
2026-03-12 14:17:45: :: Created by npm, please don't edit manually.
2026-03-12 14:17:45: ^
2026-03-12 14:17:45: 
2026-03-12 14:17:45: SyntaxError: Unexpected token ':'
2026-03-12 14:17:45:     at wrapSafe (node:internal/modules/cjs/loader:1691:18)
2026-03-12 14:17:45:     at Module._compile (node:internal/modules/cjs/loader:1734:20)
2026-03-12 14:17:45:     at Object..js (node:internal/modules/cjs/loader:1893:10)
2026-03-12 14:17:45:     at Module.load (node:internal/modules/cjs/loader:1480:32)
2026-03-12 14:17:45:     at Module._load (node:internal/modules/cjs/loader:1299:12)
2026-03-12 14:17:45:     at TracingChannel.traceSync (node:diagnostics_channel:322:14)
2026-03-12 14:17:45:     at wrapModuleLoad (node:internal/modules/cjs/loader:244:24)
2026-03-12 14:17:45:     at Module.executeUserEntryPoint [as runMain] (node:internal/modules/run_main:154:5)
2026-03-12 14:17:45:     at node:internal/main/run_main_module:33:47
2026-03-12 14:17:45: 
2026-03-12 14:17:45: Node.js v24.8.0
2026-03-12 14:17:45: C:\PROGRAM FILES\NODEJS\NPM.CMD:1
2026-03-12 14:17:45: :: Created by npm, please don't edit manually.
2026-03-12 14:17:45: ^
2026-03-12 14:17:45: 
2026-03-12 14:17:45: SyntaxError: Unexpected token ':'
2026-03-12 14:17:45:     at wrapSafe (node:internal/modules/cjs/loader:1691:18)
2026-03-12 14:17:45:     at Module._compile (node:internal/modules/cjs/loader:1734:20)
2026-03-12 14:17:45:     at Object..js (node:internal/modules/cjs/loader:1893:10)
2026-03-12 14:17:45:     at Module.load (node:internal/modules/cjs/loader:1480:32)
2026-03-12 14:17:45:     at Module._load (node:internal/modules/cjs/loader:1299:12)
2026-03-12 14:17:45:     at TracingChannel.traceSync (node:diagnostics_channel:322:14)
2026-03-12 14:17:45:     at wrapModuleLoad (node:internal/modules/cjs/loader:244:24)
2026-03-12 14:17:45:     at Module.executeUserEntryPoint [as runMain] (node:internal/modules/run_main:154:5)
2026-03-12 14:17:45:     at node:internal/main/run_main_module:33:47
2026-03-12 14:17:45: 
2026-03-12 14:17:45: Node.js v24.8.0
2026-03-12 14:17:45: C:\PROGRAM FILES\NODEJS\NPM.CMD:1
2026-03-12 14:17:45: :: Created by npm, please don't edit manually.
2026-03-12 14:17:45: ^
2026-03-12 14:17:45: 
2026-03-12 14:17:45: SyntaxError: Unexpected token ':'
2026-03-12 14:17:45:     at wrapSafe (node:internal/modules/cjs/loader:1691:18)
2026-03-12 14:17:45:     at Module._compile (node:internal/modules/cjs/loader:1734:20)
2026-03-12 14:17:45:     at Object..js (node:internal/modules/cjs/loader:1893:10)
2026-03-12 14:17:45:     at Module.load (node:internal/modules/cjs/loader:1480:32)
2026-03-12 14:17:45:     at Module._load (node:internal/modules/cjs/loader:1299:12)
2026-03-12 14:17:45:     at TracingChannel.traceSync (node:diagnostics_channel:322:14)
2026-03-12 14:17:45:     at wrapModuleLoad (node:internal/modules/cjs/loader:244:24)
2026-03-12 14:17:45:     at Module.executeUserEntryPoint [as runMain] (node:internal/modules/run_main:154:5)
2026-03-12 14:17:45:     at node:internal/main/run_main_module:33:47
2026-03-12 14:17:45: 
2026-03-12 14:17:45: Node.js v24.8.0
2026-03-12 14:17:45: C:\PROGRAM FILES\NODEJS\NPM.CMD:1
2026-03-12 14:17:45: :: Created by npm, please don't edit manually.
2026-03-12 14:17:45: ^
2026-03-12 14:17:45: 
2026-03-12 14:17:45: SyntaxError: Unexpected token ':'
2026-03-12 14:17:45:     at wrapSafe (node:internal/modules/cjs/loader:1691:18)
2026-03-12 14:17:45:     at Module._compile (node:internal/modules/cjs/loader:1734:20)
2026-03-12 14:17:45:     at Object..js (node:internal/modules/cjs/loader:1893:10)
2026-03-12 14:17:45:     at Module.load (node:internal/modules/cjs/loader:1480:32)
2026-03-12 14:17:45:     at Module._load (node:internal/modules/cjs/loader:1299:12)
2026-03-12 14:17:45:     at TracingChannel.traceSync (node:diagnostics_channel:322:14)
2026-03-12 14:17:45:     at wrapModuleLoad (node:internal/modules/cjs/loader:244:24)
2026-03-12 14:17:45:     at Module.executeUserEntryPoint [as runMain] (node:internal/modules/run_main:154:5)
2026-03-12 14:17:45:     at node:internal/main/run_main_module:33:47
2026-03-12 14:17:45: 
2026-03-12 14:17:45: Node.js v24.8.0
2026-03-12 14:17:46: C:\PROGRAM FILES\NODEJS\NPM.CMD:1
2026-03-12 14:17:46: :: Created by npm, please don't edit manually.
2026-03-12 14:17:46: ^
2026-03-12 14:17:46: 
2026-03-12 14:17:46: SyntaxError: Unexpected token ':'
2026-03-12 14:17:46:     at wrapSafe (node:internal/modules/cjs/loader:1691:18)
2026-03-12 14:17:46:     at Module._compile (node:internal/modules/cjs/loader:1734:20)
2026-03-12 14:17:46:     at Object..js (node:internal/modules/cjs/loader:1893:10)
2026-03-12 14:17:46:     at Module.load (node:internal/modules/cjs/loader:1480:32)
2026-03-12 14:17:46:     at Module._load (node:internal/modules/cjs/loader:1299:12)
2026-03-12 14:17:46:     at TracingChannel.traceSync (node:diagnostics_channel:322:14)
2026-03-12 14:17:46:     at wrapModuleLoad (node:internal/modules/cjs/loader:244:24)
2026-03-12 14:17:46:     at Module.executeUserEntryPoint [as runMain] (node:internal/modules/run_main:154:5)
2026-03-12 14:17:46:     at node:internal/main/run_main_module:33:47
2026-03-12 14:17:46: 
2026-03-12 14:17:46: Node.js v24.8.0
2026-03-12 14:17:46: C:\PROGRAM FILES\NODEJS\NPM.CMD:1
2026-03-12 14:17:46: :: Created by npm, please don't edit manually.
2026-03-12 14:17:46: ^
2026-03-12 14:17:46: 
2026-03-12 14:17:46: SyntaxError: Unexpected token ':'
2026-03-12 14:17:46:     at wrapSafe (node:internal/modules/cjs/loader:1691:18)
2026-03-12 14:17:46:     at Module._compile (node:internal/modules/cjs/loader:1734:20)
2026-03-12 14:17:46:     at Object..js (node:internal/modules/cjs/loader:1893:10)
2026-03-12 14:17:46:     at Module.load (node:internal/modules/cjs/loader:1480:32)
2026-03-12 14:17:46:     at Module._load (node:internal/modules/cjs/loader:1299:12)
2026-03-12 14:17:46:     at TracingChannel.traceSync (node:diagnostics_channel:322:14)
2026-03-12 14:17:46:     at wrapModuleLoad (node:internal/modules/cjs/loader:244:24)
2026-03-12 14:17:46:     at Module.executeUserEntryPoint [as runMain] (node:internal/modules/run_main:154:5)
2026-03-12 14:17:46:     at node:internal/main/run_main_module:33:47
2026-03-12 14:17:46: 
2026-03-12 14:17:46: Node.js v24.8.0
2026-03-12 14:17:46: C:\PROGRAM FILES\NODEJS\NPM.CMD:1
2026-03-12 14:17:46: :: Created by npm, please don't edit manually.
2026-03-12 14:17:46: ^
2026-03-12 14:17:46: 
2026-03-12 14:17:46: SyntaxError: Unexpected token ':'
2026-03-12 14:17:46:     at wrapSafe (node:internal/modules/cjs/loader:1691:18)
2026-03-12 14:17:46:     at Module._compile (node:internal/modules/cjs/loader:1734:20)
2026-03-12 14:17:46:     at Object..js (node:internal/modules/cjs/loader:1893:10)
2026-03-12 14:17:46:     at Module.load (node:internal/modules/cjs/loader:1480:32)
2026-03-12 14:17:46:     at Module._load (node:internal/modules/cjs/loader:1299:12)
2026-03-12 14:17:46:     at TracingChannel.traceSync (node:diagnostics_channel:322:14)
2026-03-12 14:17:46:     at wrapModuleLoad (node:internal/modules/cjs/loader:244:24)
2026-03-12 14:17:46:     at Module.executeUserEntryPoint [as runMain] (node:internal/modules/run_main:154:5)
2026-03-12 14:17:46:     at node:internal/main/run_main_module:33:47
2026-03-12 14:17:46: 
2026-03-12 14:17:46: Node.js v24.8.0
2026-03-12 14:17:46: C:\PROGRAM FILES\NODEJS\NPM.CMD:1
2026-03-12 14:17:46: :: Created by npm, please don't edit manually.
2026-03-12 14:17:46: ^
2026-03-12 14:17:46: 
2026-03-12 14:17:46: SyntaxError: Unexpected token ':'
2026-03-12 14:17:46:     at wrapSafe (node:internal/modules/cjs/loader:1691:18)
2026-03-12 14:17:46:     at Module._compile (node:internal/modules/cjs/loader:1734:20)
2026-03-12 14:17:46:     at Object..js (node:internal/modules/cjs/loader:1893:10)
2026-03-12 14:17:46:     at Module.load (node:internal/modules/cjs/loader:1480:32)
2026-03-12 14:17:46:     at Module._load (node:internal/modules/cjs/loader:1299:12)
2026-03-12 14:17:46:     at TracingChannel.traceSync (node:diagnostics_channel:322:14)
2026-03-12 14:17:46:     at wrapModuleLoad (node:internal/modules/cjs/loader:244:24)
2026-03-12 14:17:46:     at Module.executeUserEntryPoint [as runMain] (node:internal/modules/run_main:154:5)
2026-03-12 14:17:46:     at node:internal/main/run_main_module:33:47
2026-03-12 14:17:46: 
2026-03-12 14:17:46: Node.js v24.8.0
2026-03-12 14:17:46: C:\PROGRAM FILES\NODEJS\NPM.CMD:1
2026-03-12 14:17:46: :: Created by npm, please don't edit manually.
2026-03-12 14:17:46: ^
2026-03-12 14:17:46: 
2026-03-12 14:17:46: SyntaxError: Unexpected token ':'
2026-03-12 14:17:46:     at wrapSafe (node:internal/modules/cjs/loader:1691:18)
2026-03-12 14:17:46:     at Module._compile (node:internal/modules/cjs/loader:1734:20)
2026-03-12 14:17:46:     at Object..js (node:internal/modules/cjs/loader:1893:10)
2026-03-12 14:17:46:     at Module.load (node:internal/modules/cjs/loader:1480:32)
2026-03-12 14:17:46:     at Module._load (node:internal/modules/cjs/loader:1299:12)
2026-03-12 14:17:46:     at TracingChannel.traceSync (node:diagnostics_channel:322:14)
2026-03-12 14:17:46:     at wrapModuleLoad (node:internal/modules/cjs/loader:244:24)
2026-03-12 14:17:46:     at Module.executeUserEntryPoint [as runMain] (node:internal/modules/run_main:154:5)
2026-03-12 14:17:46:     at node:internal/main/run_main_module:33:47
2026-03-12 14:17:46: 
2026-03-12 14:17:46: Node.js v24.8.0
2026-03-12 14:17:46: C:\PROGRAM FILES\NODEJS\NPM.CMD:1
2026-03-12 14:17:46: :: Created by npm, please don't edit manually.
2026-03-12 14:17:46: ^
2026-03-12 14:17:46: 
2026-03-12 14:17:46: SyntaxError: Unexpected token ':'
2026-03-12 14:17:46:     at wrapSafe (node:internal/modules/cjs/loader:1691:18)
2026-03-12 14:17:46:     at Module._compile (node:internal/modules/cjs/loader:1734:20)
2026-03-12 14:17:46:     at Object..js (node:internal/modules/cjs/loader:1893:10)
2026-03-12 14:17:46:     at Module.load (node:internal/modules/cjs/loader:1480:32)
2026-03-12 14:17:46:     at Module._load (node:internal/modules/cjs/loader:1299:12)
2026-03-12 14:17:46:     at TracingChannel.traceSync (node:diagnostics_channel:322:14)
2026-03-12 14:17:46:     at wrapModuleLoad (node:internal/modules/cjs/loader:244:24)
2026-03-12 14:17:46:     at Module.executeUserEntryPoint [as runMain] (node:internal/modules/run_main:154:5)
2026-03-12 14:17:46:     at node:internal/main/run_main_module:33:47
2026-03-12 14:17:46: 
2026-03-12 14:17:46: Node.js v24.8.0
2026-03-12 14:17:46: C:\PROGRAM FILES\NODEJS\NPM.CMD:1
2026-03-12 14:17:46: :: Created by npm, please don't edit manually.
2026-03-12 14:17:46: ^
2026-03-12 14:17:46: 
2026-03-12 14:17:46: SyntaxError: Unexpected token ':'
2026-03-12 14:17:46:     at wrapSafe (node:internal/modules/cjs/loader:1691:18)
2026-03-12 14:17:46:     at Module._compile (node:internal/modules/cjs/loader:1734:20)
2026-03-12 14:17:46:     at Object..js (node:internal/modules/cjs/loader:1893:10)
2026-03-12 14:17:46:     at Module.load (node:internal/modules/cjs/loader:1480:32)
2026-03-12 14:17:46:     at Module._load (node:internal/modules/cjs/loader:1299:12)
2026-03-12 14:17:46:     at TracingChannel.traceSync (node:diagnostics_channel:322:14)
2026-03-12 14:17:46:     at wrapModuleLoad (node:internal/modules/cjs/loader:244:24)
2026-03-12 14:17:46:     at Module.executeUserEntryPoint [as runMain] (node:internal/modules/run_main:154:5)
2026-03-12 14:17:46:     at node:internal/main/run_main_module:33:47
2026-03-12 14:17:46: 
2026-03-12 14:17:46: Node.js v24.8.0
2026-03-12 14:17:47: C:\PROGRAM FILES\NODEJS\NPM.CMD:1
2026-03-12 14:17:47: :: Created by npm, please don't edit manually.
2026-03-12 14:17:47: ^
2026-03-12 14:17:47: 
2026-03-12 14:17:47: SyntaxError: Unexpected token ':'
2026-03-12 14:17:47:     at wrapSafe (node:internal/modules/cjs/loader:1691:18)
2026-03-12 14:17:47:     at Module._compile (node:internal/modules/cjs/loader:1734:20)
2026-03-12 14:17:47:     at Object..js (node:internal/modules/cjs/loader:1893:10)
2026-03-12 14:17:47:     at Module.load (node:internal/modules/cjs/loader:1480:32)
2026-03-12 14:17:47:     at Module._load (node:internal/modules/cjs/loader:1299:12)
2026-03-12 14:17:47:     at TracingChannel.traceSync (node:diagnostics_channel:322:14)
2026-03-12 14:17:47:     at wrapModuleLoad (node:internal/modules/cjs/loader:244:24)
2026-03-12 14:17:47:     at Module.executeUserEntryPoint [as runMain] (node:internal/modules/run_main:154:5)
2026-03-12 14:17:47:     at node:internal/main/run_main_module:33:47
2026-03-12 14:17:47: 
2026-03-12 14:17:47: Node.js v24.8.0
2026-03-12 14:17:47: C:\PROGRAM FILES\NODEJS\NPM.CMD:1
2026-03-12 14:17:47: :: Created by npm, please don't edit manually.
2026-03-12 14:17:47: ^
2026-03-12 14:17:47: 
2026-03-12 14:17:47: SyntaxError: Unexpected token ':'
2026-03-12 14:17:47:     at wrapSafe (node:internal/modules/cjs/loader:1691:18)
2026-03-12 14:17:47:     at Module._compile (node:internal/modules/cjs/loader:1734:20)
2026-03-12 14:17:47:     at Object..js (node:internal/modules/cjs/loader:1893:10)
2026-03-12 14:17:47:     at Module.load (node:internal/modules/cjs/loader:1480:32)
2026-03-12 14:17:47:     at Module._load (node:internal/modules/cjs/loader:1299:12)
2026-03-12 14:17:47:     at TracingChannel.traceSync (node:diagnostics_channel:322:14)
2026-03-12 14:17:47:     at wrapModuleLoad (node:internal/modules/cjs/loader:244:24)
2026-03-12 14:17:47:     at Module.executeUserEntryPoint [as runMain] (node:internal/modules/run_main:154:5)
2026-03-12 14:17:47:     at node:internal/main/run_main_module:33:47
2026-03-12 14:17:47: 
2026-03-12 14:17:47: Node.js v24.8.0
2026-03-12 14:17:47: C:\PROGRAM FILES\NODEJS\NPM.CMD:1
2026-03-12 14:17:47: :: Created by npm, please don't edit manually.
2026-03-12 14:17:47: ^
2026-03-12 14:17:47: 
2026-03-12 14:17:47: SyntaxError: Unexpected token ':'
2026-03-12 14:17:47:     at wrapSafe (node:internal/modules/cjs/loader:1691:18)
2026-03-12 14:17:47:     at Module._compile (node:internal/modules/cjs/loader:1734:20)
2026-03-12 14:17:47:     at Object..js (node:internal/modules/cjs/loader:1893:10)
2026-03-12 14:17:47:     at Module.load (node:internal/modules/cjs/loader:1480:32)
2026-03-12 14:17:47:     at Module._load (node:internal/modules/cjs/loader:1299:12)
2026-03-12 14:17:47:     at TracingChannel.traceSync (node:diagnostics_channel:322:14)
2026-03-12 14:17:47:     at wrapModuleLoad (node:internal/modules/cjs/loader:244:24)
2026-03-12 14:17:47:     at Module.executeUserEntryPoint [as runMain] (node:internal/modules/run_main:154:5)
2026-03-12 14:17:47:     at node:internal/main/run_main_module:33:47
2026-03-12 14:17:47: 
2026-03-12 14:17:47: Node.js v24.8.0
2026-03-12 14:17:47: C:\PROGRAM FILES\NODEJS\NPM.CMD:1
2026-03-12 14:17:47: :: Created by npm, please don't edit manually.
2026-03-12 14:17:47: ^
2026-03-12 14:17:47: 
2026-03-12 14:17:47: SyntaxError: Unexpected token ':'
2026-03-12 14:17:47:     at wrapSafe (node:internal/modules/cjs/loader:1691:18)
2026-03-12 14:17:47:     at Module._compile (node:internal/modules/cjs/loader:1734:20)
2026-03-12 14:17:47:     at Object..js (node:internal/modules/cjs/loader:1893:10)
2026-03-12 14:17:47:     at Module.load (node:internal/modules/cjs/loader:1480:32)
2026-03-12 14:17:47:     at Module._load (node:internal/modules/cjs/loader:1299:12)
2026-03-12 14:17:47:     at TracingChannel.traceSync (node:diagnostics_channel:322:14)
2026-03-12 14:17:47:     at wrapModuleLoad (node:internal/modules/cjs/loader:244:24)
2026-03-12 14:17:47:     at Module.executeUserEntryPoint [as runMain] (node:internal/modules/run_main:154:5)
2026-03-12 14:17:47:     at node:internal/main/run_main_module:33:47
2026-03-12 14:17:47: 
2026-03-12 14:17:47: Node.js v24.8.0
